allocator::Initialize()
  hugepgsize: 2097152
  use MADV_WILLNEED: 1
  mmap() region [0x7fe39b3fe000, 0x7fe3db5fe000)
cpu0 owns [0x7fe39b400000, 0x7fe3ab400000)
cpu1 owns [0x7fe3ab400000, 0x7fe3bb400000)
cpu2 owns [0x7fe3bb400000, 0x7fe3cb400000)
cpu3 owns [0x7fe3cb400000, 0x7fe3db400000)
Database Benchmark:
  pid: 131922
settings:
  par-loading : 1
  pin-cpus    : 1
  slow-exit   : 0
  retry-txns  : 0
  backoff-txns: 0
  bench       : micro
  scale       : 4
  num-cpus    : 20
  num-threads : 4
  db-type     : mbta
  basedir     : /home/sandbox/rolis-eurosys2022
  txn-flags   : 0
  Output log  : /dev/shm/GLOGS/GenLogThd4.Time.10/
  runtime     : 10
  var-encode  : yes
  allocator   : jemalloc
  numa-memory : 1073741824
  logfiles : []
  assignments : []
  disable-gc : 0
  disable-snapshots : 0
  stats-server-sockfile: 
system properties:
  btree_internal_node_size: 264
  btree_leaf_node_size    : 312
  tuple_prefetch          : no
  btree_node_prefetch     : yes
paxos batch=50000 :::: 50000
kSTOBatchSize = 1000
nthreads = 4
ycsb settings:
  workload_mix: [80, 20, 0, 0]
[INFO] YCSB par loader cpu 0 [0, 5000000)
[INFO] YCSB par loader cpu 1 [5000000, 10000000)
[INFO] YCSB par loader cpu 2 [10000000, 15000000)
[INFO] YCSB par loader cpu 3 [15000000, 20000000)
[INFO] YCSB par loader cpu 0 [20000000, 25000000)
[INFO] YCSB par loader cpu 1 [25000000, 30000000)
[INFO] YCSB par loader cpu 2 [30000000, 35000000)
[INFO] YCSB par loader cpu 3 [35000000, 40000000)
[INFO] YCSB par loader cpu 0 [40000000, 45000000)
[INFO] YCSB par loader cpu 1 [45000000, 50000000)
[INFO] YCSB par loader cpu 2 [50000000, 55000000)
[INFO] YCSB par loader cpu 3 [55000000, 60000000)
[INFO] YCSB par loader cpu 0 [60000000, 65000000)
[INFO] YCSB par loader cpu 1 [65000000, 70000000)
[INFO] YCSB par loader cpu 2 [70000000, 75000000)
[INFO] YCSB par loader cpu 3 [75000000, 80000000)
[INFO] YCSB par loader cpu 0 [80000000, 85000000)
[INFO] YCSB par loader cpu 1 [85000000, 90000000)
[INFO] YCSB par loader cpu 2 [90000000, 95000000)
[INFO] YCSB par loader cpu 3 [95000000, 100000000)
Load phase...
cpu1 starting faulting region (268435456 bytes / 128cpucpu3 starting faulting region (268435456 bytes / 128 hugepgs)
cpu2 starting faulting region (268435456 bytes / 0 starting faulting region (268435456 bytes / 128 hugepgs)
128 hugepgs)
 hugepgs)
cpu0 finished faulting region in 127.02 ms
cpu3 finished faulting region in 128.354 ms
cpu1 finished faulting region in 174.183 ms
cpu2 finished faulting region in 174.234 ms
[INFO] finished loading USERTABLE range [kstart=0, kend=5000000) - nkeys: 5000000
[INFO] finished loading USERTABLE range [kstart=25000000, kend=30000000) - nkeys: 5000000
[INFO] finished loading USERTABLE range [kstart=35000000, kend=40000000) - nkeys: 5000000
[INFO] finished loading USERTABLE range [kstart=40000000, kend=45000000) - nkeys: 5000000
[INFO] finished loading USERTABLE range [kstart=10000000, kend=15000000) - nkeys: 5000000
[INFO] finished loading USERTABLE range [kstart=5000000, kend=10000000) - nkeys: 5000000
[INFO] finished loading USERTABLE range [kstart=15000000, kend=20000000) - nkeys: 5000000
[INFO] finished loading USERTABLE range [kstart=60000000, kend=65000000) - nkeys: 5000000
[INFO] finished loading USERTABLE range [kstart=75000000, kend=80000000) - nkeys: 5000000
[INFO] finished loading USERTABLE range [kstart=45000000, kend=50000000) - nkeys: 5000000
[INFO] finished loading USERTABLE range [kstart=20000000, kend=25000000) - nkeys: 5000000
[INFO] finished loading USERTABLE range [kstart=55000000, kend=60000000) - nkeys: 5000000
[INFO] finished loading USERTABLE range [kstart=65000000, kend=70000000) - nkeys: 5000000
[INFO] finished loading USERTABLE range [kstart=70000000, kend=75000000) - nkeys: 5000000
[INFO] finished loading USERTABLE range [kstart=85000000, kend=90000000) - nkeys: 5000000
[INFO] finished loading USERTABLE range [kstart=30000000, kend=35000000) - nkeys: 5000000
[INFO] finished loading USERTABLE range [kstart=50000000, kend=55000000) - nkeys: 5000000
[INFO] finished loading USERTABLE range [kstart=95000000, kend=100000000) - nkeys: 5000000
[INFO] finished loading USERTABLE range [kstart=80000000, kend=85000000) - nkeys: 5000000
[INFO] finished loading USERTABLE range [kstart=90000000, kend=95000000) - nkeys: 5000000
timed region dataloading took 5523.68 ms
DB size: 17691.2 MB
[0, 0, 0] txns persisted in loading phase
starting benchmark...
[info]bench worker is working on # of num_cpus 0, cpu_gap 0
ParID now : 0
ParID now : 1
ParID now : 2
ParID now : 3
[time: 1676453734377] # of commits: 99438
[time: 1676453734477] # of commits: 233827
[time: 1676453734578] # of commits: 366838
[time: 1676453734678] # of commits: 489068
[time: 1676453734778] # of commits: 616274
[time: 1676453734878] # of commits: 745840
[time: 1676453734978] # of commits: 869703
[time: 1676453735079] # of commits: 984735
[time: 1676453735179] # of commits: 1101425
[time: 1676453735279] # of commits: 1228403
[time: 1676453735379] # of commits: 1355234
[time: 1676453735479] # of commits: 1482666
[time: 1676453735579] # of commits: 1603713
[time: 1676453735680] # of commits: 1716038
[time: 1676453735780] # of commits: 1839130
[time: 1676453735880] # of commits: 1960554
[time: 1676453735980] # of commits: 2058851
[time: 1676453736080] # of commits: 2170297
[time: 1676453736180] # of commits: 2294222
[time: 1676453736281] # of commits: 2413836
[time: 1676453736381] # of commits: 2535636
[time: 1676453736481] # of commits: 2649986
[time: 1676453736581] # of commits: 2752587
[time: 1676453736681] # of commits: 2870698
[time: 1676453736782] # of commits: 2989697
[time: 1676453736882] # of commits: 3090983
[time: 1676453736982] # of commits: 3195618
[time: 1676453737082] # of commits: 3315486
[time: 1676453737182] # of commits: 3436284
[time: 1676453737282] # of commits: 3557266
[time: 1676453737383] # of commits: 3673909
[time: 1676453737483] # of commits: 3773751
[time: 1676453737583] # of commits: 3883189
[time: 1676453737683] # of commits: 4001825
[time: 1676453737783] # of commits: 4104487
[time: 1676453737883] # of commits: 4196919
[time: 1676453737984] # of commits: 4308636
[time: 1676453738084] # of commits: 4425398
[time: 1676453738184] # of commits: 4542492
[time: 1676453738284] # of commits: 4658719
[time: 1676453738384] # of commits: 4761999
[time: 1676453738484] # of commits: 4861187
[time: 1676453738585] # of commits: 4973901
[time: 1676453738685] # of commits: 5087385
[time: 1676453738785] # of commits: 5186247
[time: 1676453738885] # of commits: 5286882
[time: 1676453738985] # of commits: 5399460
[time: 1676453739086] # of commits: 5518026
[time: 1676453739186] # of commits: 5635695
[time: 1676453739286] # of commits: 5747829
[time: 1676453739386] # of commits: 5851124
[time: 1676453739486] # of commits: 5955239
[time: 1676453739586] # of commits: 6069529
[time: 1676453739687] # of commits: 6175102
[time: 1676453739787] # of commits: 6275025
[time: 1676453739887] # of commits: 6381132
[time: 1676453739987] # of commits: 6497573
[time: 1676453740087] # of commits: 6615440
[time: 1676453740187] # of commits: 6733385
[time: 1676453740288] # of commits: 6839267
[time: 1676453740388] # of commits: 6944005
[time: 1676453740488] # of commits: 7052482
[time: 1676453740588] # of commits: 7164768
[time: 1676453740688] # of commits: 7266036
[time: 1676453740789] # of commits: 7369832
[time: 1676453740889] # of commits: 7480160
[time: 1676453740989] # of commits: 7598650
[time: 1676453741089] # of commits: 7716829
[time: 1676453741189] # of commits: 7827949
[time: 1676453741289] # of commits: 7932779
[time: 1676453741390] # of commits: 8039090
[time: 1676453741490] # of commits: 8150200
[time: 1676453741590] # of commits: 8252846
[time: 1676453741690] # of commits: 8357864
[time: 1676453741790] # of commits: 8461066
[time: 1676453741891] # of commits: 8574299
[time: 1676453741991] # of commits: 8691479
[time: 1676453742091] # of commits: 8807850
[time: 1676453742191] # of commits: 8911815
[time: 1676453742291] # of commits: 9021201
[time: 1676453742391] # of commits: 9126849
[time: 1676453742492] # of commits: 9232732
[time: 1676453742592] # of commits: 9333488
[time: 1676453742692] # of commits: 9441307
[time: 1676453742792] # of commits: 9542525
[time: 1676453742892] # of commits: 9653557
[time: 1676453742993] # of commits: 9767620
[time: 1676453743093] # of commits: 9876981
[time: 1676453743193] # of commits: 9980048
[time: 1676453743293] # of commits: 10093821
[time: 1676453743393] # of commits: 10200381
[time: 1676453743493] # of commits: 10303149
[time: 1676453743594] # of commits: 10411692
[time: 1676453743694] # of commits: 10523104
[time: 1676453743794] # of commits: 10629367
[time: 1676453743894] # of commits: 10745248
[time: 1676453743994] # of commits: 10862654
[time: 1676453744095] # of commits: 10967743
[time: 1676453744195] # of commits: 11079521
[time: 1676453744295] # of commits: 11191632
[agg_throughput-5-25] [0-4761999]throughput without warmup and cool-down: 922337203685239552.000000
Info folder has been generated okay ----<<<<<<
--- benchmark statistics in print_stats ---
runtime: 10.018 sec
memory delta: 5700.79 MB
memory delta rate: 569.051 MB/sec
logical memory delta: 0 MB
logical memory delta rate: 0 MB/sec
agg_nosync_throughput: 1.11717e+06 ops/sec
avg_nosync_per_core_throughput: 279292 ops/sec/core
agg_throughput: 1.11715e+06 ops/sec
n_commits: 11191672 , elapsed: 10.018
avg_per_core_throughput: 279288 ops/sec/core
agg_persist_throughput: 1.11715e+06 ops/sec
avg_per_core_persist_throughput: 279288 ops/sec/core
avg_latency: 0.00356098 ms
avg_persist_latency: 0 ms
agg_abort_rate: 0 aborts/sec
avg_per_core_abort_rate: 0 aborts/sec/core
txn breakdown: [[Swap, 11191672]]
--- system counters (for benchmark) ---
--- perf counters (if enabled, for benchmark) ---
--- allocator stats ---
[allocator] ncpus=4
[allocator] cpu=0 fully_faulted?=1 remaining=268435456 bytes
[allocator] cpu=1 fully_faulted?=1 remaining=268435456 bytes
[allocator] cpu=2 fully_faulted?=1 remaining=268435456 bytes
[allocator] cpu=3 fully_faulted?=1 remaining=268435456 bytes
---------------------------------------
dumping heap profile...
printing jemalloc stats...
1117150.965937 1117150.965937 0.003561 0.000000 0.000000 0
total log_size: payment => 0, new_order => 0, delivery => 0
close handle all started
close_all all ok
