allocator::Initialize()
  hugepgsize: 2097152
  use MADV_WILLNEED: 1
  mmap() region [0x7fbc5fbfe000, 0x7fbca0dfe000)
cpu0 owns [0x7fbc5fc00000, 0x7fbc63000000)
cpu1 owns [0x7fbc63000000, 0x7fbc66400000)
cpu2 owns [0x7fbc66400000, 0x7fbc69800000)
cpu3 owns [0x7fbc69800000, 0x7fbc6cc00000)
cpu4 owns [0x7fbc6cc00000, 0x7fbc70000000)
cpu5 owns [0x7fbc70000000, 0x7fbc73400000)
cpu6 owns [0x7fbc73400000, 0x7fbc76800000)
cpu7 owns [0x7fbc76800000, 0x7fbc79c00000)
cpu8 owns [0x7fbc79c00000, 0x7fbc7d000000)
cpu9 owns [0x7fbc7d000000, 0x7fbc80400000)
cpu10 owns [0x7fbc80400000, 0x7fbc83800000)
cpu11 owns [0x7fbc83800000, 0x7fbc86c00000)
cpu12 owns [0x7fbc86c00000, 0x7fbc8a000000)
cpu13 owns [0x7fbc8a000000, 0x7fbc8d400000)
cpu14 owns [0x7fbc8d400000, 0x7fbc90800000)
cpu15 owns [0x7fbc90800000, 0x7fbc93c00000)
cpu16 owns [0x7fbc93c00000, 0x7fbc97000000)
cpu17 owns [0x7fbc97000000, 0x7fbc9a400000)
cpu18 owns [0x7fbc9a400000, 0x7fbc9d800000)
cpu19 owns [0x7fbc9d800000, 0x7fbca0c00000)
Database Benchmark:
  pid: 132786
settings:
  par-loading : 1
  pin-cpus    : 1
  slow-exit   : 0
  retry-txns  : 0
  backoff-txns: 0
  bench       : micro
  scale       : 20
  num-cpus    : 20
  num-threads : 20
  db-type     : mbta
  basedir     : /home/sandbox/rolis-eurosys2022
  txn-flags   : 0
  Output log  : /dev/shm/GLOGS/GenLogThd20.Time.10/
  runtime     : 10
  var-encode  : yes
  allocator   : jemalloc
  numa-memory : 1090519040
  logfiles : []
  assignments : []
  disable-gc : 0
  disable-snapshots : 0
  stats-server-sockfile: 
system properties:
  btree_internal_node_size: 264
  btree_leaf_node_size    : 312
  tuple_prefetch          : no
  btree_node_prefetch     : yes
paxos batch=50000 :::: 50000
kSTOBatchSize = 1000
nthreads = 20
ycsb settings:
  workload_mix: [80, 20, 0, 0]
[INFO] YCSB par loader cpu 0 [0, 5000000)
[INFO] YCSB par loader cpu 1 [5000000, 10000000)
[INFO] YCSB par loader cpu 2 [10000000, 15000000)
[INFO] YCSB par loader cpu 3 [15000000, 20000000)
[INFO] YCSB par loader cpu 4 [20000000, 25000000)
[INFO] YCSB par loader cpu 5 [25000000, 30000000)
[INFO] YCSB par loader cpu 6 [30000000, 35000000)
[INFO] YCSB par loader cpu 7 [35000000, 40000000)
[INFO] YCSB par loader cpu 8 [40000000, 45000000)
[INFO] YCSB par loader cpu 9 [45000000, 50000000)
[INFO] YCSB par loader cpu 10 [50000000, 55000000)
[INFO] YCSB par loader cpu 11 [55000000, 60000000)
[INFO] YCSB par loader cpu 12 [60000000, 65000000)
[INFO] YCSB par loader cpu 13 [65000000, 70000000)
[INFO] YCSB par loader cpu 14 [70000000, 75000000)
[INFO] YCSB par loader cpu 15 [75000000, 80000000)
[INFO] YCSB par loader cpu 16 [80000000, 85000000)
[INFO] YCSB par loader cpu 17 [85000000, 90000000)
[INFO] YCSB par loader cpu 18 [90000000, 95000000)
[INFO] YCSB par loader cpu 19 [95000000, 100000000)
Load phase...
cpu2 starting faulting region (54525952 bytes / 26 hugepgs)
cpu3 starting faulting region (54525952 bytes / 26 hugepgs)
cpu13 starting faulting region (54525952 bytes / cpucpu8 starting faulting region (54525952 bytes / 26 hugepgs)
cpu7cpu14 starting faulting region (cpu5cpucpucpucpu17 starting faulting region (5452595254525952 bytes / 26 hugepgs)
12 starting faulting region (54525952 starting faulting region (54525952cpu19 starting faulting region (54525952 bytes / 26 hugepgs)
cpu6 starting faulting region (54525952cpu4 starting faulting region (54525952 bytes / 26 hugepgs)
26 hugepgs)
 bytes / cpu9 starting faulting region (54525952 bytes / 26 hugepgs)
 bytes / 26 hugepgs)cpu11 starting faulting region (54525952 bytes /  bytes / 26 hugepgs)
cpu16 starting faulting region (54525952 bytes / 26 hugepgs)
26 hugepgs)
cpu1 starting faulting region (18 starting faulting region (54525952 bytes / 26 hugepgs)
 starting faulting region (54525952 bytes / 26 hugepgs)0cpu10 starting faulting region (54525952 bytes / 26 hugepgs)54525952 bytes / 26 hugepgs)
 bytes / 26 hugepgs)


 starting faulting region (54525952 bytes / 2626 hugepgs)
15 starting faulting region (54525952 bytes / 26 hugepgs)

 hugepgs)
cpu13 finished faulting region in 67.188 ms
cpu10 finished faulting region in 67.593 ms
cpu2 finished faulting region in 73.514 ms
cpu3 finished faulting region in cpu14 finished faulting region in 73.185 ms
73.671 ms
cpu9 finished faulting region in 72.898 ms
cpu16 finished faulting region in 74.62 ms
cpu19 finished faulting region in 75.406 mscpu8 finished faulting region in 
74.508 ms
cpu0 finished faulting region in 75.892 ms
cpu7 finished faulting region in cpu5 finished faulting region in 75.995 ms
76.127 ms
cpucpu17 finished faulting region in 15 finished faulting region in 76.784 ms
76.598 ms
cpu18 finished faulting region in 77.667 ms
cpu6 finished faulting region in 78.314 ms
cpu1 finished faulting region in 77.776 ms
cpu12 finished faulting region in 78.814 ms
cpu4 finished faulting region in 81.192 ms
cpu11 finished faulting region in 86.678 ms
[INFO] finished loading USERTABLE range [kstart=10000000, kend=15000000) - nkeys: 5000000
[INFO] finished loading USERTABLE range [kstart=5000000, kend=10000000) - nkeys: 5000000
[INFO] finished loading USERTABLE range [kstart=45000000, kend=50000000) - nkeys: 5000000
[INFO] finished loading USERTABLE range [kstart=35000000, kend=40000000) - nkeys: 5000000
[INFO] finished loading USERTABLE range [kstart=40000000, kend=45000000) - nkeys: 5000000
[INFO] finished loading USERTABLE range [kstart=15000000, kend=20000000) - nkeys: 5000000
[INFO] finished loading USERTABLE range [kstart=25000000, kend=30000000) - nkeys: 5000000
[INFO] finished loading USERTABLE range [kstart=0, kend=5000000) - nkeys: 5000000
[INFO] finished loading USERTABLE range [kstart=70000000, kend=75000000) - nkeys: 5000000
[INFO] finished loading USERTABLE range [kstart=30000000, kend=35000000) - nkeys: 5000000
[INFO] finished loading USERTABLE range [kstart=75000000, kend=80000000) - nkeys: 5000000
[INFO] finished loading USERTABLE range [kstart=60000000, kend=65000000) - nkeys: 5000000
[INFO] finished loading USERTABLE range [kstart=65000000, kend=70000000) - nkeys: 5000000
[INFO] finished loading USERTABLE range [kstart=20000000, kend=25000000) - nkeys: 5000000
[INFO] finished loading USERTABLE range [kstart=50000000, kend=55000000) - nkeys: 5000000
[INFO] finished loading USERTABLE range [kstart=80000000, kend=85000000) - nkeys: 5000000
[INFO] finished loading USERTABLE range [kstart=95000000, kend=100000000) - nkeys: 5000000
[INFO] finished loading USERTABLE range [kstart=90000000, kend=95000000) - nkeys: 5000000
[INFO] finished loading USERTABLE range [kstart=85000000, kend=90000000) - nkeys: 5000000
[INFO] finished loading USERTABLE range [kstart=55000000, kend=60000000) - nkeys: 5000000
timed region dataloading took 5503.6 ms
DB size: 17819.7 MB
[0, 0, 0] txns persisted in loading phase
starting benchmark...
[info]bench worker is working on # of num_cpus 0, cpu_gap 0
ParID now : 0
ParID now : 1
ParID now : 2
ParID now : 3
ParID now : 4
ParID now : 5
ParID now : 6
ParID now : 8
ParID now : 9
ParID now : 10
ParID now : 12
ParID now : 14ParID now : 
15ParID now : ParID now : 17
ParID now : 13
ParID now : 16
ParID now : 19
ParID now : 7

ParID now : 11
18
[time: 1676454574443] # of commits: 324499
[time: 1676454574544] # of commits: 730638
[time: 1676454574644] # of commits: 1117686
[time: 1676454574744] # of commits: 1502387
[time: 1676454574844] # of commits: 1895782
[time: 1676454574944] # of commits: 2245897
[time: 1676454575044] # of commits: 2582271
[time: 1676454575144] # of commits: 2954933
[time: 1676454575244] # of commits: 3335958
[time: 1676454575344] # of commits: 3715217
[time: 1676454575444] # of commits: 4085857
[time: 1676454575544] # of commits: 4441637
[time: 1676454575645] # of commits: 4777018
[time: 1676454575745] # of commits: 5092786
[time: 1676454575845] # of commits: 5442094
[time: 1676454575945] # of commits: 5823047
[time: 1676454576045] # of commits: 6196905
[time: 1676454576145] # of commits: 6573743
[time: 1676454576245] # of commits: 6955057
[time: 1676454576345] # of commits: 7330639
[time: 1676454576445] # of commits: 7690503
[time: 1676454576545] # of commits: 8026018
[time: 1676454576646] # of commits: 8339272
[time: 1676454576746] # of commits: 8671165
[time: 1676454576846] # of commits: 9027947
[time: 1676454576946] # of commits: 9388873
[time: 1676454577046] # of commits: 9744368
[time: 1676454577146] # of commits: 10027694
[time: 1676454577246] # of commits: 10282130
[time: 1676454577346] # of commits: 10557134
[time: 1676454577446] # of commits: 10911532
[time: 1676454577546] # of commits: 11267451
[time: 1676454577646] # of commits: 11624164
[time: 1676454577747] # of commits: 11981140
[time: 1676454577847] # of commits: 12337373
[time: 1676454577947] # of commits: 12690794
[time: 1676454578047] # of commits: 13038701
[time: 1676454578147] # of commits: 13328462
[time: 1676454578247] # of commits: 13604452
[time: 1676454578347] # of commits: 13912907
[time: 1676454578447] # of commits: 14262696
[time: 1676454578547] # of commits: 14617679
[time: 1676454578647] # of commits: 14967057
[time: 1676454578748] # of commits: 15254166
[time: 1676454578848] # of commits: 15512962
[time: 1676454578948] # of commits: 15796326
[time: 1676454579048] # of commits: 16136883
[time: 1676454579148] # of commits: 16480842
[time: 1676454579248] # of commits: 16830545
[time: 1676454579348] # of commits: 17180349
[time: 1676454579448] # of commits: 17529722
[time: 1676454579548] # of commits: 17878846
[time: 1676454579648] # of commits: 18223349
[time: 1676454579749] # of commits: 18523045
[time: 1676454579849] # of commits: 18798386
[time: 1676454579949] # of commits: 19101855
[time: 1676454580049] # of commits: 19441801
[time: 1676454580149] # of commits: 19787173
[time: 1676454580249] # of commits: 20132618
[time: 1676454580349] # of commits: 20423820
[time: 1676454580449] # of commits: 20675291
[time: 1676454580549] # of commits: 20942199
[time: 1676454580649] # of commits: 21268008
[time: 1676454580750] # of commits: 21605467
[time: 1676454580850] # of commits: 21946271
[time: 1676454580950] # of commits: 22292052
[time: 1676454581050] # of commits: 22635901
[time: 1676454581150] # of commits: 22979789
[time: 1676454581250] # of commits: 23324698
[time: 1676454581350] # of commits: 23635129
[time: 1676454581450] # of commits: 23914045
[time: 1676454581550] # of commits: 24203631
[time: 1676454581650] # of commits: 24534639
[time: 1676454581750] # of commits: 24873481
[time: 1676454581851] # of commits: 25215986
[time: 1676454581951] # of commits: 25527093
[time: 1676454582051] # of commits: 25795568
[time: 1676454582151] # of commits: 26062557
[time: 1676454582251] # of commits: 26373086
[time: 1676454582351] # of commits: 26706333
[time: 1676454582451] # of commits: 27041045
[time: 1676454582551] # of commits: 27380565
[time: 1676454582651] # of commits: 27722599
[time: 1676454582751] # of commits: 28065463
[time: 1676454582852] # of commits: 28408624
[time: 1676454582952] # of commits: 28733505
[time: 1676454583052] # of commits: 29021654
[time: 1676454583152] # of commits: 29305122
[time: 1676454583252] # of commits: 29622948
[time: 1676454583352] # of commits: 29958050
[time: 1676454583452] # of commits: 30295453
[time: 1676454583552] # of commits: 30620207
[time: 1676454583652] # of commits: 30903952
[time: 1676454583752] # of commits: 31171383
[time: 1676454583853] # of commits: 31472098
[time: 1676454583953] # of commits: 31802900
[time: 1676454584053] # of commits: 32140365
[time: 1676454584153] # of commits: 32473273
[time: 1676454584253] # of commits: 32811734
[time: 1676454584353] # of commits: 33148548
[agg_throughput-5-25] [0-14262696]throughput without warmup and cool-down: 922337203684764416.000000
Info folder has been generated okay ----<<<<<<
--- benchmark statistics in print_stats ---
runtime: 10.01 sec
memory delta: 16552.2 MB
memory delta rate: 1653.57 MB/sec
logical memory delta: 0 MB
logical memory delta rate: 0 MB/sec
agg_nosync_throughput: 3.31158e+06 ops/sec
avg_nosync_per_core_throughput: 165579 ops/sec/core
agg_throughput: 3.31155e+06 ops/sec
n_commits: 33148670 , elapsed: 10.01
avg_per_core_throughput: 165577 ops/sec/core
agg_persist_throughput: 3.31155e+06 ops/sec
avg_per_core_persist_throughput: 165577 ops/sec/core
avg_latency: 0.0060111 ms
avg_persist_latency: 0 ms
agg_abort_rate: 0 aborts/sec
avg_per_core_abort_rate: 0 aborts/sec/core
txn breakdown: [[Swap, 33148670]]
--- system counters (for benchmark) ---
--- perf counters (if enabled, for benchmark) ---
--- allocator stats ---
[allocator] ncpus=20
[allocator] cpu=0 fully_faulted?=1 remaining=54525952 bytes
[allocator] cpu=1 fully_faulted?=1 remaining=54525952 bytes
[allocator] cpu=2 fully_faulted?=1 remaining=54525952 bytes
[allocator] cpu=3 fully_faulted?=1 remaining=54525952 bytes
[allocator] cpu=4 fully_faulted?=1 remaining=54525952 bytes
[allocator] cpu=5 fully_faulted?=1 remaining=54525952 bytes
[allocator] cpu=6 fully_faulted?=1 remaining=54525952 bytes
[allocator] cpu=7 fully_faulted?=1 remaining=54525952 bytes
[allocator] cpu=8 fully_faulted?=1 remaining=54525952 bytes
[allocator] cpu=9 fully_faulted?=1 remaining=54525952 bytes
[allocator] cpu=10 fully_faulted?=1 remaining=54525952 bytes
[allocator] cpu=11 fully_faulted?=1 remaining=54525952 bytes
[allocator] cpu=12 fully_faulted?=1 remaining=54525952 bytes
[allocator] cpu=13 fully_faulted?=1 remaining=54525952 bytes
[allocator] cpu=14 fully_faulted?=1 remaining=54525952 bytes
[allocator] cpu=15 fully_faulted?=1 remaining=54525952 bytes
[allocator] cpu=16 fully_faulted?=1 remaining=54525952 bytes
[allocator] cpu=17 fully_faulted?=1 remaining=54525952 bytes
[allocator] cpu=18 fully_faulted?=1 remaining=54525952 bytes
[allocator] cpu=19 fully_faulted?=1 remaining=54525952 bytes
---------------------------------------
dumping heap profile...
printing jemalloc stats...
3311549.820545 3311549.820545 0.006011 0.000000 0.000000 0
total log_size: payment => 0, new_order => 0, delivery => 0
close handle all started
close_all all ok
