allocator::Initialize()
  hugepgsize: 2097152
  use MADV_WILLNEED: 1
  mmap() region [0x7f8f1fbfe000, 0x7f8f5fffe000)
cpu0 owns [0x7f8f1fc00000, 0x7f8f22200000)
cpu1 owns [0x7f8f22200000, 0x7f8f24800000)
cpu2 owns [0x7f8f24800000, 0x7f8f26e00000)
cpu3 owns [0x7f8f26e00000, 0x7f8f29400000)
cpu4 owns [0x7f8f29400000, 0x7f8f2ba00000)
cpu5 owns [0x7f8f2ba00000, 0x7f8f2e000000)
cpu6 owns [0x7f8f2e000000, 0x7f8f30600000)
cpu7 owns [0x7f8f30600000, 0x7f8f32c00000)
cpu8 owns [0x7f8f32c00000, 0x7f8f35200000)
cpu9 owns [0x7f8f35200000, 0x7f8f37800000)
cpu10 owns [0x7f8f37800000, 0x7f8f39e00000)
cpu11 owns [0x7f8f39e00000, 0x7f8f3c400000)
cpu12 owns [0x7f8f3c400000, 0x7f8f3ea00000)
cpu13 owns [0x7f8f3ea00000, 0x7f8f41000000)
cpu14 owns [0x7f8f41000000, 0x7f8f43600000)
cpu15 owns [0x7f8f43600000, 0x7f8f45c00000)
cpu16 owns [0x7f8f45c00000, 0x7f8f48200000)
cpu17 owns [0x7f8f48200000, 0x7f8f4a800000)
cpu18 owns [0x7f8f4a800000, 0x7f8f4ce00000)
cpu19 owns [0x7f8f4ce00000, 0x7f8f4f400000)
cpu20 owns [0x7f8f4f400000, 0x7f8f51a00000)
cpu21 owns [0x7f8f51a00000, 0x7f8f54000000)
cpu22 owns [0x7f8f54000000, 0x7f8f56600000)
cpu23 owns [0x7f8f56600000, 0x7f8f58c00000)
cpu24 owns [0x7f8f58c00000, 0x7f8f5b200000)
cpu25 owns [0x7f8f5b200000, 0x7f8f5d800000)
cpu26 owns [0x7f8f5d800000, 0x7f8f5fe00000)
Database Benchmark:
  pid: 133290
settings:
  par-loading : 1
  pin-cpus    : 1
  slow-exit   : 0
  retry-txns  : 0
  backoff-txns: 0
  bench       : micro
  scale       : 27
  num-cpus    : 20
  num-threads : 27
  db-type     : mbta
  basedir     : /home/sandbox/rolis-eurosys2022
  txn-flags   : 0
  Output log  : /dev/shm/GLOGS/GenLogThd27.Time.10/
  runtime     : 10
  var-encode  : yes
  allocator   : jemalloc
  numa-memory : 1075838976
  logfiles : []
  assignments : []
  disable-gc : 0
  disable-snapshots : 0
  stats-server-sockfile: 
system properties:
  btree_internal_node_size: 264
  btree_leaf_node_size    : 312
  tuple_prefetch          : no
  btree_node_prefetch     : yes
paxos batch=50000 :::: 50000
kSTOBatchSize = 1000
nthreads = 27
ycsb settings:
  workload_mix: [80, 20, 0, 0]
[INFO] YCSB par loader cpu 0 [0, 5000000)
[INFO] YCSB par loader cpu 1 [5000000, 10000000)
[INFO] YCSB par loader cpu 2 [10000000, 15000000)
[INFO] YCSB par loader cpu 3 [15000000, 20000000)
[INFO] YCSB par loader cpu 4 [20000000, 25000000)
[INFO] YCSB par loader cpu 5 [25000000, 30000000)
[INFO] YCSB par loader cpu 6 [30000000, 35000000)
[INFO] YCSB par loader cpu 7 [35000000, 40000000)
[INFO] YCSB par loader cpu 8 [40000000, 45000000)
[INFO] YCSB par loader cpu 9 [45000000, 50000000)
[INFO] YCSB par loader cpu 10 [50000000, 55000000)
[INFO] YCSB par loader cpu 11 [55000000, 60000000)
[INFO] YCSB par loader cpu 12 [60000000, 65000000)
[INFO] YCSB par loader cpu 13 [65000000, 70000000)
[INFO] YCSB par loader cpu 14 [70000000, 75000000)
[INFO] YCSB par loader cpu 15 [75000000, 80000000)
[INFO] YCSB par loader cpu 16 [80000000, 85000000)
[INFO] YCSB par loader cpu 17 [85000000, 90000000)
[INFO] YCSB par loader cpu 18 [90000000, 95000000)
[INFO] YCSB par loader cpu 19 [95000000, 100000000)
Load phase...
cpu6 starting faulting region (39845888 bytes / 19 hugepgs)
cpu10 starting faulting region (39845888cpucpu5 starting faulting region (39845888 bytes / 19 hugepgs)
 bytes / 1917 starting faulting region (39845888 bytes / 19 hugepgs)cpu3 starting faulting region (cpucpu15 starting faulting region (cpu0cpucpucpucpucpu13 starting faulting region (cpucpu11 starting faulting region (398458884 starting faulting region (39845888 bytes / 19 hugepgs)cpu1 starting faulting region (cpu2 starting faulting region (cpu19 starting faulting region (cpu14 starting faulting region (39845888 bytes / 19 hugepgs)
cpu8 starting faulting region (39845888 bytes / 19
39845888 bytes / 19 hugepgs)
 starting faulting region (39845888 bytes /  hugepgs)18 starting faulting region ( hugepgs)39845888 bytes / 19 hugepgs)39845888 bytes / 39845888 bytes /  bytes / 19 hugepgs)
9 starting faulting region (
39845888
19 hugepgs)
16 starting faulting region (
39845888 bytes / 19 hugepgs)
19 hugepgs)

 bytes / 19 hugepgs)
39845888 bytes / 19 hugepgs)
12 starting faulting region (39845888 bytes / 39845888 bytes / 19 hugepgs)
7 starting faulting region (19 hugepgs)
19 hugepgs)3984588839845888 bytes / 19 hugepgs)

 bytes / 19 hugepgs)
cpu6 finished faulting region in 50.124 ms
cpu5 finished faulting region in 49.964 ms
cpu4 finished faulting region in 56.389 ms
cpu14 finished faulting region in 56.665 ms
cpu13 finished faulting region in 56.543 ms
cpu0 finished faulting region in cpu11 finished faulting region in 56.107 ms56.119 ms

cpu1 finished faulting region in 57.689 ms
cpu2 finished faulting region in 57.665 ms
cpu19 finished faulting region in cpu8 finished faulting region in 57.52357.822cpu12 finished faulting region in  ms
57.31 ms
 ms
cpu3 finished faulting region in 58.351 ms
cpu10 finished faulting region in 58.333 ms
cpu18 finished faulting region in 57.684 ms
cpu15 finished faulting region in 58.864 ms
cpu17 finished faulting region in 59.051 ms
cpu16 finished faulting region in 59.565 ms
cpu9 finished faulting region in cpu63.962 ms
7 finished faulting region in 63.77 ms
[INFO] finished loading USERTABLE range [kstart=35000000, kend=40000000) - nkeys: 5000000
[INFO] finished loading USERTABLE range [kstart=30000000, kend=35000000) - nkeys: 5000000
[INFO] finished loading USERTABLE range [kstart=45000000, kend=50000000) - nkeys: 5000000
[INFO] finished loading USERTABLE range [kstart=10000000, kend=15000000) - nkeys: 5000000
[INFO] finished loading USERTABLE range [kstart=25000000, kend=30000000) - nkeys: 5000000
[INFO] finished loading USERTABLE range [kstart=15000000, kend=20000000) - nkeys: 5000000
[INFO] finished loading USERTABLE range [kstart=0, kend=5000000) - nkeys: 5000000
[INFO] finished loading USERTABLE range [kstart=40000000, kend=45000000) - nkeys: 5000000
[INFO] finished loading USERTABLE range [kstart=20000000, kend=25000000) - nkeys: 5000000
[INFO] finished loading USERTABLE range [kstart=5000000, kend=10000000) - nkeys: 5000000
[INFO] finished loading USERTABLE range [kstart=75000000, kend=80000000) - nkeys: 5000000
[INFO] finished loading USERTABLE range [kstart=70000000, kend=75000000) - nkeys: 5000000
[INFO] finished loading USERTABLE range [kstart=65000000, kend=70000000) - nkeys: 5000000
[INFO] finished loading USERTABLE range [kstart=50000000, kend=55000000) - nkeys: 5000000
[INFO] finished loading USERTABLE range [kstart=55000000, kend=60000000) - nkeys: 5000000
[INFO] finished loading USERTABLE range [kstart=90000000, kend=95000000) - nkeys: 5000000
[INFO] finished loading USERTABLE range [kstart=95000000, kend=100000000) - nkeys: 5000000
[INFO] finished loading USERTABLE range [kstart=60000000, kend=65000000) - nkeys: 5000000
[INFO] finished loading USERTABLE range [kstart=80000000, kend=85000000) - nkeys: 5000000
[INFO] finished loading USERTABLE range [kstart=85000000, kend=90000000) - nkeys: 5000000
timed region dataloading took 5390.62 ms
DB size: 17558.4 MB
[0, 0, 0] txns persisted in loading phase
starting benchmark...
[info]bench worker is working on # of num_cpus 0, cpu_gap 0
ParID now : 0
ParID now : 2
ParID now : ParID now : 3
1ParID now : 4

ParID now : 5
ParID now : 8
ParID now : 7
ParID now : ParID now : 10
ParID now : 69

ParID now : 11ParID now : 12

ParID now : 13
ParID now : 14
ParID now : 15
ParID now : 16
ParID now : 17
ParID now : 18
ParID now : 19
ParID now : 20
ParID now : 21
ParID now : 22
ParID now : 23
ParID now : 24
ParID now : 25
ParID now : 26
[time: 1676455022383] # of commits: 40
[time: 1676455022483] # of commits: 14747
[time: 1676455022584] # of commits: 403145
[time: 1676455022684] # of commits: 781195
[time: 1676455022787] # of commits: 1174053
[time: 1676455022887] # of commits: 1522165
[time: 1676455022988] # of commits: 1900003
[time: 1676455023088] # of commits: 2279935
[time: 1676455023188] # of commits: 2643348
[time: 1676455023288] # of commits: 2980566
[time: 1676455023388] # of commits: 3314166
[time: 1676455023491] # of commits: 3672734
[time: 1676455023591] # of commits: 4037326
[time: 1676455023691] # of commits: 4409674
[time: 1676455023791] # of commits: 4781519
[time: 1676455023891] # of commits: 5142653
[time: 1676455023991] # of commits: 5500033
[time: 1676455024091] # of commits: 5844733
[time: 1676455024191] # of commits: 6171485
[time: 1676455024292] # of commits: 6498349
[time: 1676455024392] # of commits: 6829329
[time: 1676455024492] # of commits: 7150845
[time: 1676455024592] # of commits: 7469084
[time: 1676455024692] # of commits: 7794737
[time: 1676455024792] # of commits: 8131312
[time: 1676455024892] # of commits: 8476331
[time: 1676455024992] # of commits: 8821618
[time: 1676455025092] # of commits: 9173291
[time: 1676455025192] # of commits: 9524113
[time: 1676455025292] # of commits: 9861271
[time: 1676455025393] # of commits: 10189211
[time: 1676455025493] # of commits: 10521778
[time: 1676455025593] # of commits: 10860390
[time: 1676455025693] # of commits: 11197488
[time: 1676455025793] # of commits: 11532851
[time: 1676455025893] # of commits: 11867444
[time: 1676455025993] # of commits: 12201179
[time: 1676455026093] # of commits: 12514296
[time: 1676455026193] # of commits: 12817233
[time: 1676455026293] # of commits: 13120535
[time: 1676455026393] # of commits: 13418821
[time: 1676455026494] # of commits: 13715919
[time: 1676455026594] # of commits: 14028790
[time: 1676455026694] # of commits: 14343066
[time: 1676455026794] # of commits: 14669368
[time: 1676455026894] # of commits: 14983258
[time: 1676455026994] # of commits: 15302541
[time: 1676455027094] # of commits: 15634597
[time: 1676455027194] # of commits: 15968590
[time: 1676455027294] # of commits: 16306569
[time: 1676455027394] # of commits: 16638645
[time: 1676455027495] # of commits: 16965027
[time: 1676455027595] # of commits: 17290852
[time: 1676455027695] # of commits: 17617839
[time: 1676455027795] # of commits: 17944758
[time: 1676455027895] # of commits: 18267624
[time: 1676455027995] # of commits: 18592464
[time: 1676455028095] # of commits: 18896641
[time: 1676455028195] # of commits: 19204194
[time: 1676455028295] # of commits: 19502773
[time: 1676455028395] # of commits: 19800486
[time: 1676455028495] # of commits: 20102417
[time: 1676455028596] # of commits: 20416944
[time: 1676455028696] # of commits: 20723228
[time: 1676455028802] # of commits: 21034602
[time: 1676455028902] # of commits: 21323984
[time: 1676455029002] # of commits: 21612832
[time: 1676455029102] # of commits: 21930628
[time: 1676455029202] # of commits: 22252526
[time: 1676455029302] # of commits: 22587704
[time: 1676455029402] # of commits: 22923985
[time: 1676455029502] # of commits: 23262900
[time: 1676455029602] # of commits: 23593492
[time: 1676455029702] # of commits: 23919778
[time: 1676455029803] # of commits: 24244516
[time: 1676455029903] # of commits: 24574022
[time: 1676455030003] # of commits: 24905571
[time: 1676455030103] # of commits: 25225497
[time: 1676455030203] # of commits: 25538305
[time: 1676455030303] # of commits: 25845934
[time: 1676455030403] # of commits: 26158892
[time: 1676455030507] # of commits: 26473798
[time: 1676455030607] # of commits: 26780430
[time: 1676455030708] # of commits: 27085934
[time: 1676455030808] # of commits: 27381270
[time: 1676455030908] # of commits: 27681430
[time: 1676455031008] # of commits: 27982082
[time: 1676455031108] # of commits: 28257109
[time: 1676455031208] # of commits: 28546759
[time: 1676455031308] # of commits: 28849967
[time: 1676455031408] # of commits: 29156883
[time: 1676455031508] # of commits: 29490916
[time: 1676455031608] # of commits: 29820592
[time: 1676455031708] # of commits: 30147974
[time: 1676455031809] # of commits: 30473524
[time: 1676455031909] # of commits: 30793307
[time: 1676455032009] # of commits: 31109779
[time: 1676455032109] # of commits: 31428197
[time: 1676455032209] # of commits: 31745470
[time: 1676455032309] # of commits: 32071895
[agg_throughput-5-25] [0-13418821]throughput without warmup and cool-down: 922337203684806656.000000
Info folder has been generated okay ----<<<<<<
--- benchmark statistics in print_stats ---
runtime: 10.0262 sec
memory delta: 15746.3 MB
memory delta rate: 1570.52 MB/sec
logical memory delta: 0 MB
logical memory delta rate: 0 MB/sec
agg_nosync_throughput: 3.19885e+06 ops/sec
avg_nosync_per_core_throughput: 118476 ops/sec/core
agg_throughput: 3.19882e+06 ops/sec
n_commits: 32072022 , elapsed: 10.0262
avg_per_core_throughput: 118475 ops/sec/core
agg_persist_throughput: 3.19882e+06 ops/sec
avg_per_core_persist_throughput: 118475 ops/sec/core
avg_latency: 0.00840797 ms
avg_persist_latency: 0 ms
agg_abort_rate: 0 aborts/sec
avg_per_core_abort_rate: 0 aborts/sec/core
txn breakdown: [[Swap, 32072022]]
--- system counters (for benchmark) ---
--- perf counters (if enabled, for benchmark) ---
--- allocator stats ---
[allocator] ncpus=27
[allocator] cpu=0 fully_faulted?=1 remaining=39845888 bytes
[allocator] cpu=1 fully_faulted?=1 remaining=39845888 bytes
[allocator] cpu=2 fully_faulted?=1 remaining=39845888 bytes
[allocator] cpu=3 fully_faulted?=1 remaining=39845888 bytes
[allocator] cpu=4 fully_faulted?=1 remaining=39845888 bytes
[allocator] cpu=5 fully_faulted?=1 remaining=39845888 bytes
[allocator] cpu=6 fully_faulted?=1 remaining=39845888 bytes
[allocator] cpu=7 fully_faulted?=1 remaining=39845888 bytes
[allocator] cpu=8 fully_faulted?=1 remaining=39845888 bytes
[allocator] cpu=9 fully_faulted?=1 remaining=39845888 bytes
[allocator] cpu=10 fully_faulted?=1 remaining=39845888 bytes
[allocator] cpu=11 fully_faulted?=1 remaining=39845888 bytes
[allocator] cpu=12 fully_faulted?=1 remaining=39845888 bytes
[allocator] cpu=13 fully_faulted?=1 remaining=39845888 bytes
[allocator] cpu=14 fully_faulted?=1 remaining=39845888 bytes
[allocator] cpu=15 fully_faulted?=1 remaining=39845888 bytes
[allocator] cpu=16 fully_faulted?=1 remaining=39845888 bytes
[allocator] cpu=17 fully_faulted?=1 remaining=39845888 bytes
[allocator] cpu=18 fully_faulted?=1 remaining=39845888 bytes
[allocator] cpu=19 fully_faulted?=1 remaining=39845888 bytes
[allocator] cpu=20 fully_faulted?=0 remaining=39845888 bytes
[allocator] cpu=21 fully_faulted?=0 remaining=39845888 bytes
[allocator] cpu=22 fully_faulted?=0 remaining=39845888 bytes
[allocator] cpu=23 fully_faulted?=0 remaining=39845888 bytes
[allocator] cpu=24 fully_faulted?=0 remaining=39845888 bytes
[allocator] cpu=25 fully_faulted?=0 remaining=39845888 bytes
[allocator] cpu=26 fully_faulted?=0 remaining=39845888 bytes
---------------------------------------
dumping heap profile...
printing jemalloc stats...
3198820.969179 3198820.969179 0.008408 0.000000 0.000000 0
total log_size: payment => 0, new_order => 0, delivery => 0
close handle all started
close_all all ok
