allocator::Initialize()
  hugepgsize: 2097152
  use MADV_WILLNEED: 1
  mmap() region [0x7f35239fe000, 0x7f3563bfe000)
cpu0 owns [0x7f3523a00000, 0x7f352ba00000)
cpu1 owns [0x7f352ba00000, 0x7f3533a00000)
cpu2 owns [0x7f3533a00000, 0x7f353ba00000)
cpu3 owns [0x7f353ba00000, 0x7f3543a00000)
cpu4 owns [0x7f3543a00000, 0x7f354ba00000)
cpu5 owns [0x7f354ba00000, 0x7f3553a00000)
cpu6 owns [0x7f3553a00000, 0x7f355ba00000)
cpu7 owns [0x7f355ba00000, 0x7f3563a00000)
Database Benchmark:
  pid: 132093
settings:
  par-loading : 1
  pin-cpus    : 1
  slow-exit   : 0
  retry-txns  : 0
  backoff-txns: 0
  bench       : micro
  scale       : 8
  num-cpus    : 20
  num-threads : 8
  db-type     : mbta
  basedir     : /home/sandbox/rolis-eurosys2022
  txn-flags   : 0
  Output log  : /dev/shm/GLOGS/GenLogThd8.Time.10/
  runtime     : 10
  var-encode  : yes
  allocator   : jemalloc
  numa-memory : 1073741824
  logfiles : []
  assignments : []
  disable-gc : 0
  disable-snapshots : 0
  stats-server-sockfile: 
system properties:
  btree_internal_node_size: 264
  btree_leaf_node_size    : 312
  tuple_prefetch          : no
  btree_node_prefetch     : yes
paxos batch=50000 :::: 50000
kSTOBatchSize = 1000
nthreads = 8
ycsb settings:
  workload_mix: [80, 20, 0, 0]
[INFO] YCSB par loader cpu 0 [0, 5000000)
[INFO] YCSB par loader cpu 1 [5000000, 10000000)
[INFO] YCSB par loader cpu 2 [10000000, 15000000)
[INFO] YCSB par loader cpu 3 [15000000, 20000000)
[INFO] YCSB par loader cpu 4 [20000000, 25000000)
[INFO] YCSB par loader cpu 5 [25000000, 30000000)
[INFO] YCSB par loader cpu 6 [30000000, 35000000)
[INFO] YCSB par loader cpu 7 [35000000, 40000000)
[INFO] YCSB par loader cpu 0 [40000000, 45000000)
[INFO] YCSB par loader cpu 1 [45000000, 50000000)
[INFO] YCSB par loader cpu 2 [50000000, 55000000)
[INFO] YCSB par loader cpu 3 [55000000, 60000000)
[INFO] YCSB par loader cpu 4 [60000000, 65000000)
[INFO] YCSB par loader cpu 5 [65000000, 70000000)
[INFO] YCSB par loader cpu 6 [70000000, 75000000)
[INFO] YCSB par loader cpu 7 [75000000, 80000000)
[INFO] YCSB par loader cpu 0 [80000000, 85000000)
[INFO] YCSB par loader cpu 1 [85000000, 90000000)
[INFO] YCSB par loader cpu 2 [90000000, 95000000)
[INFO] YCSB par loader cpu 3 [95000000, 100000000)
Load phase...
cpu0 starting faulting region (134217728 bytes / 64 hugepgs)
cpu7 starting faulting region (134217728 bytes / 64 hugepgs)
cpu2 starting faulting region (134217728 bytes / 64 hugepgs)
cpu1 starting faulting region (134217728 bytes / 64cpu6 starting faulting region (134217728 bytes / 64 hugepgs)
cpu5 starting faulting region (134217728 bytes / cpucpu3 starting faulting region (134217728 bytes / 64 hugepgs)
64 hugepgs)
4 starting faulting region (134217728 bytes / 64 hugepgs)
 hugepgs)
cpu0 finished faulting region in 79.217 ms
cpu5 finished faulting region in 78.916 ms
cpu7 finished faulting region in 80.395 ms
cpu6 finished faulting region in 80.344 ms
cpu1 finished faulting region in 81.032 ms
cpu4 finished faulting region in 81.729 ms
cpucpu3 finished faulting region in 2 finished faulting region in 106.023 ms
105.663 ms
[INFO] finished loading USERTABLE range [kstart=45000000, kend=50000000) - nkeys: 5000000
[INFO] finished loading USERTABLE range [kstart=25000000, kend=30000000) - nkeys: 5000000
[INFO] finished loading USERTABLE range [kstart=0, kend=5000000) - nkeys: 5000000
[INFO] finished loading USERTABLE range [kstart=30000000, kend=35000000) - nkeys: 5000000
[INFO] finished loading USERTABLE range [kstart=10000000, kend=15000000) - nkeys: 5000000
[INFO] finished loading USERTABLE range [kstart=40000000, kend=45000000) - nkeys: 5000000
[INFO] finished loading USERTABLE range [kstart=35000000, kend=40000000) - nkeys: 5000000
[INFO] finished loading USERTABLE range [kstart=20000000, kend=25000000) - nkeys: 5000000
[INFO] finished loading USERTABLE range [kstart=5000000, kend=10000000) - nkeys: 5000000
[INFO] finished loading USERTABLE range [kstart=55000000, kend=60000000) - nkeys: 5000000
[INFO] finished loading USERTABLE range [kstart=80000000, kend=85000000) - nkeys: 5000000
[INFO] finished loading USERTABLE range [kstart=65000000, kend=70000000) - nkeys: 5000000
[INFO] finished loading USERTABLE range [kstart=15000000, kend=20000000) - nkeys: 5000000
[INFO] finished loading USERTABLE range [kstart=95000000, kend=100000000) - nkeys: 5000000
[INFO] finished loading USERTABLE range [kstart=75000000, kend=80000000) - nkeys: 5000000
[INFO] finished loading USERTABLE range [kstart=70000000, kend=75000000) - nkeys: 5000000
[INFO] finished loading USERTABLE range [kstart=85000000, kend=90000000) - nkeys: 5000000
[INFO] finished loading USERTABLE range [kstart=90000000, kend=95000000) - nkeys: 5000000
[INFO] finished loading USERTABLE range [kstart=50000000, kend=55000000) - nkeys: 5000000
[INFO] finished loading USERTABLE range [kstart=60000000, kend=65000000) - nkeys: 5000000
timed region dataloading took 5588.18 ms
DB size: 17775.3 MB
[0, 0, 0] txns persisted in loading phase
starting benchmark...
[info]bench worker is working on # of num_cpus 0, cpu_gap 0
ParID now : 0
ParID now : 1
ParID now : 3
ParID now : 2
ParID now : 4
ParID now : 5
ParID now : 6
ParID now : 7
[time: 1676453920458] # of commits: 175372
[time: 1676453920558] # of commits: 426363
[time: 1676453920659] # of commits: 676222
[time: 1676453920759] # of commits: 906441
[time: 1676453920859] # of commits: 1130868
[time: 1676453920959] # of commits: 1370239
[time: 1676453921059] # of commits: 1606228
[time: 1676453921159] # of commits: 1830215
[time: 1676453921260] # of commits: 2033766
[time: 1676453921360] # of commits: 2257332
[time: 1676453921460] # of commits: 2490481
[time: 1676453921560] # of commits: 2725176
[time: 1676453921660] # of commits: 2959089
[time: 1676453921760] # of commits: 3186969
[time: 1676453921860] # of commits: 3390405
[time: 1676453921961] # of commits: 3618023
[time: 1676453922061] # of commits: 3849870
[time: 1676453922161] # of commits: 4042361
[time: 1676453922261] # of commits: 4221204
[time: 1676453922361] # of commits: 4450185
[time: 1676453922462] # of commits: 4678240
[time: 1676453922562] # of commits: 4907158
[time: 1676453922662] # of commits: 5135652
[time: 1676453922762] # of commits: 5338640
[time: 1676453922862] # of commits: 5524863
[time: 1676453922962] # of commits: 5749138
[time: 1676453923062] # of commits: 5975830
[time: 1676453923163] # of commits: 6159790
[time: 1676453923263] # of commits: 6343018
[time: 1676453923363] # of commits: 6565506
[time: 1676453923463] # of commits: 6790429
[time: 1676453923563] # of commits: 7015530
[time: 1676453923663] # of commits: 7241656
[time: 1676453923764] # of commits: 7441209
[time: 1676453923864] # of commits: 7628696
[time: 1676453923964] # of commits: 7849866
[time: 1676453924064] # of commits: 8073548
[time: 1676453924164] # of commits: 8251508
[time: 1676453924264] # of commits: 8428632
[time: 1676453924364] # of commits: 8643479
[time: 1676453924464] # of commits: 8861995
[time: 1676453924565] # of commits: 9081078
[time: 1676453924665] # of commits: 9300201
[time: 1676453924765] # of commits: 9500646
[time: 1676453924865] # of commits: 9680612
[time: 1676453924965] # of commits: 9889552
[time: 1676453925065] # of commits: 10108508
[time: 1676453925166] # of commits: 10301644
[time: 1676453925266] # of commits: 10474806
[time: 1676453925366] # of commits: 10682644
[time: 1676453925466] # of commits: 10900349
[time: 1676453925566] # of commits: 11117131
[time: 1676453925666] # of commits: 11334488
[time: 1676453925767] # of commits: 11544362
[time: 1676453925867] # of commits: 11725545
[time: 1676453925967] # of commits: 11927244
[time: 1676453926067] # of commits: 12148676
[time: 1676453926167] # of commits: 12355826
[time: 1676453926268] # of commits: 12526356
[time: 1676453926368] # of commits: 12729567
[time: 1676453926468] # of commits: 12949238
[time: 1676453926568] # of commits: 13169108
[time: 1676453926668] # of commits: 13389078
[time: 1676453926768] # of commits: 13603025
[time: 1676453926868] # of commits: 13785625
[time: 1676453926968] # of commits: 13977831
[time: 1676453927068] # of commits: 14196061
[time: 1676453927169] # of commits: 14407845
[time: 1676453927269] # of commits: 14578399
[time: 1676453927369] # of commits: 14764997
[time: 1676453927469] # of commits: 14978427
[time: 1676453927569] # of commits: 15195300
[time: 1676453927669] # of commits: 15415394
[time: 1676453927769] # of commits: 15635055
[time: 1676453927870] # of commits: 15825830
[time: 1676453927970] # of commits: 16008105
[time: 1676453928070] # of commits: 16219174
[time: 1676453928170] # of commits: 16434142
[time: 1676453928270] # of commits: 16617437
[time: 1676453928370] # of commits: 16790259
[time: 1676453928470] # of commits: 16994827
[time: 1676453928571] # of commits: 17209798
[time: 1676453928671] # of commits: 17425165
[time: 1676453928771] # of commits: 17640336
[time: 1676453928871] # of commits: 17842394
[time: 1676453928971] # of commits: 18024432
[time: 1676453929071] # of commits: 18219692
[time: 1676453929171] # of commits: 18432682
[time: 1676453929272] # of commits: 18628841
[time: 1676453929372] # of commits: 18799476
[time: 1676453929472] # of commits: 18982287
[time: 1676453929572] # of commits: 19188595
[time: 1676453929672] # of commits: 19399061
[time: 1676453929772] # of commits: 19609378
[time: 1676453929872] # of commits: 19815438
[time: 1676453929972] # of commits: 20006489
[time: 1676453930073] # of commits: 20192701
[time: 1676453930173] # of commits: 20395210
[time: 1676453930273] # of commits: 20603353
[time: 1676453930373] # of commits: 20794917
[agg_throughput-5-25] [0-8861995]throughput without warmup and cool-down: 922337203685034496.000000
Info folder has been generated okay ----<<<<<<
--- benchmark statistics in print_stats ---
runtime: 10.0154 sec
memory delta: 10723.6 MB
memory delta rate: 1070.71 MB/sec
logical memory delta: 0 MB
logical memory delta rate: 0 MB/sec
agg_nosync_throughput: 2.07634e+06 ops/sec
avg_nosync_per_core_throughput: 259543 ops/sec/core
agg_throughput: 2.07631e+06 ops/sec
n_commits: 20794990 , elapsed: 10.0154
avg_per_core_throughput: 259538 ops/sec/core
agg_persist_throughput: 2.07631e+06 ops/sec
avg_per_core_persist_throughput: 259538 ops/sec/core
avg_latency: 0.00383413 ms
avg_persist_latency: 0 ms
agg_abort_rate: 0 aborts/sec
avg_per_core_abort_rate: 0 aborts/sec/core
txn breakdown: [[Swap, 20794990]]
--- system counters (for benchmark) ---
--- perf counters (if enabled, for benchmark) ---
--- allocator stats ---
[allocator] ncpus=8
[allocator] cpu=0 fully_faulted?=1 remaining=134217728 bytes
[allocator] cpu=1 fully_faulted?=1 remaining=134217728 bytes
[allocator] cpu=2 fully_faulted?=1 remaining=134217728 bytes
[allocator] cpu=3 fully_faulted?=1 remaining=134217728 bytes
[allocator] cpu=4 fully_faulted?=1 remaining=134217728 bytes
[allocator] cpu=5 fully_faulted?=1 remaining=134217728 bytes
[allocator] cpu=6 fully_faulted?=1 remaining=134217728 bytes
[allocator] cpu=7 fully_faulted?=1 remaining=134217728 bytes
---------------------------------------
dumping heap profile...
printing jemalloc stats...
2076306.056546 2076306.056546 0.003834 0.000000 0.000000 0
total log_size: payment => 0, new_order => 0, delivery => 0
close handle all started
close_all all ok
