allocator::Initialize()
  hugepgsize: 2097152
  use MADV_WILLNEED: 1
  mmap() region [0x7f57f1dfe000, 0x7f58327fe000)
cpu0 owns [0x7f57f1e00000, 0x7f57fca00000)
cpu1 owns [0x7f57fca00000, 0x7f5807600000)
cpu2 owns [0x7f5807600000, 0x7f5812200000)
cpu3 owns [0x7f5812200000, 0x7f581ce00000)
cpu4 owns [0x7f581ce00000, 0x7f5827a00000)
cpu5 owns [0x7f5827a00000, 0x7f5832600000)
Database Benchmark:
  pid: 132006
settings:
  par-loading : 1
  pin-cpus    : 1
  slow-exit   : 0
  retry-txns  : 0
  backoff-txns: 0
  bench       : micro
  scale       : 6
  num-cpus    : 20
  num-threads : 6
  db-type     : mbta
  basedir     : /home/sandbox/rolis-eurosys2022
  txn-flags   : 0
  Output log  : /dev/shm/GLOGS/GenLogThd6.Time.10/
  runtime     : 10
  var-encode  : yes
  allocator   : jemalloc
  numa-memory : 1082130432
  logfiles : []
  assignments : []
  disable-gc : 0
  disable-snapshots : 0
  stats-server-sockfile: 
system properties:
  btree_internal_node_size: 264
  btree_leaf_node_size    : 312
  tuple_prefetch          : no
  btree_node_prefetch     : yes
paxos batch=50000 :::: 50000
kSTOBatchSize = 1000
nthreads = 6
ycsb settings:
  workload_mix: [80, 20, 0, 0]
[INFO] YCSB par loader cpu 0 [0, 5000000)
[INFO] YCSB par loader cpu 1 [5000000, 10000000)
[INFO] YCSB par loader cpu 2 [10000000, 15000000)
[INFO] YCSB par loader cpu 3 [15000000, 20000000)
[INFO] YCSB par loader cpu 4 [20000000, 25000000)
[INFO] YCSB par loader cpu 5 [25000000, 30000000)
[INFO] YCSB par loader cpu 0 [30000000, 35000000)
[INFO] YCSB par loader cpu 1 [35000000, 40000000)
[INFO] YCSB par loader cpu 2 [40000000, 45000000)
[INFO] YCSB par loader cpu 3 [45000000, 50000000)
[INFO] YCSB par loader cpu 4 [50000000, 55000000)
[INFO] YCSB par loader cpu 5 [55000000, 60000000)
[INFO] YCSB par loader cpu 0 [60000000, 65000000)
[INFO] YCSB par loader cpu 1 [65000000, 70000000)
[INFO] YCSB par loader cpu 2 [70000000, 75000000)
[INFO] YCSB par loader cpu 3 [75000000, 80000000)
[INFO] YCSB par loader cpu 4 [80000000, 85000000)
[INFO] YCSB par loader cpu 5 [85000000, 90000000)
[INFO] YCSB par loader cpu 0 [90000000, 95000000)
[INFO] YCSB par loader cpu 1 [95000000, 100000000)
Load phase...
cpucpu4 starting faulting region (180355072 bytes / cpu3cpu5 starting faulting region (180355072 bytes / 86 hugepgs)
1 starting faulting region (180355072 bytes / 86 hugepgs)
cpucpu2 starting faulting region (180355072 bytes / 860 starting faulting region (180355072 bytes / 86 hugepgs)
 starting faulting region (180355072 bytes / 86 hugepgs)
 hugepgs)
86 hugepgs)
cpu3 finished faulting region in 98.435 ms
cpu4 finished faulting region in 98.475 ms
cpu0 finished faulting region in 98.627 ms
cpu5 finished faulting region in 99.384 ms
cpu1 finished faulting region in 135.396 ms
cpu2 finished faulting region in 136.865 ms
[INFO] finished loading USERTABLE range [kstart=5000000, kend=10000000) - nkeys: 5000000
[INFO] finished loading USERTABLE range [kstart=0, kend=5000000) - nkeys: 5000000
[INFO] finished loading USERTABLE range [kstart=15000000, kend=20000000) - nkeys: 5000000
[INFO] finished loading USERTABLE range [kstart=45000000, kend=50000000) - nkeys: 5000000
[INFO] finished loading USERTABLE range [kstart=30000000, kend=35000000) - nkeys: 5000000
[INFO] finished loading USERTABLE range [kstart=20000000, kend=25000000) - nkeys: 5000000
[INFO] finished loading USERTABLE range [kstart=60000000, kend=65000000) - nkeys: 5000000
[INFO] finished loading USERTABLE range [kstart=25000000, kend=30000000) - nkeys: 5000000
[INFO] finished loading USERTABLE range [kstart=35000000, kend=40000000) - nkeys: 5000000
[INFO] finished loading USERTABLE range [kstart=40000000, kend=45000000) - nkeys: 5000000
[INFO] finished loading USERTABLE range [kstart=75000000, kend=80000000) - nkeys: 5000000
[INFO] finished loading USERTABLE range [kstart=70000000, kend=75000000) - nkeys: 5000000
[INFO] finished loading USERTABLE range [kstart=90000000, kend=95000000) - nkeys: 5000000
[INFO] finished loading USERTABLE range [kstart=10000000, kend=15000000) - nkeys: 5000000
[INFO] finished loading USERTABLE range [kstart=55000000, kend=60000000) - nkeys: 5000000
[INFO] finished loading USERTABLE range [kstart=65000000, kend=70000000) - nkeys: 5000000
[INFO] finished loading USERTABLE range [kstart=95000000, kend=100000000) - nkeys: 5000000
[INFO] finished loading USERTABLE range [kstart=85000000, kend=90000000) - nkeys: 5000000
[INFO] finished loading USERTABLE range [kstart=50000000, kend=55000000) - nkeys: 5000000
[INFO] finished loading USERTABLE range [kstart=80000000, kend=85000000) - nkeys: 5000000
timed region dataloading took 5649.85 ms
DB size: 17735.2 MB
[0, 0, 0] txns persisted in loading phase
starting benchmark...
[info]bench worker is working on # of num_cpus 0, cpu_gap 0
ParID now : 0
ParID now : 1
ParID now : 3
ParID now : ParID now : 4
2
ParID now : 5
[time: 1676453825511] # of commits: 136647
[time: 1676453825611] # of commits: 329143
[time: 1676453825711] # of commits: 522083
[time: 1676453825811] # of commits: 701093
[time: 1676453825912] # of commits: 879978
[time: 1676453826012] # of commits: 1067033
[time: 1676453826112] # of commits: 1248948
[time: 1676453826212] # of commits: 1419546
[time: 1676453826312] # of commits: 1578607
[time: 1676453826412] # of commits: 1756223
[time: 1676453826513] # of commits: 1935689
[time: 1676453826613] # of commits: 2117178
[time: 1676453826713] # of commits: 2299883
[time: 1676453826813] # of commits: 2469659
[time: 1676453826913] # of commits: 2642104
[time: 1676453827013] # of commits: 2826435
[time: 1676453827114] # of commits: 2992460
[time: 1676453827214] # of commits: 3137364
[time: 1676453827314] # of commits: 3310361
[time: 1676453827414] # of commits: 3492934
[time: 1676453827514] # of commits: 3675522
[time: 1676453827614] # of commits: 3857073
[time: 1676453827715] # of commits: 4012362
[time: 1676453827815] # of commits: 4174122
[time: 1676453827915] # of commits: 4346452
[time: 1676453828015] # of commits: 4509659
[time: 1676453828115] # of commits: 4656792
[time: 1676453828216] # of commits: 4820733
[time: 1676453828316] # of commits: 4991040
[time: 1676453828416] # of commits: 5166597
[time: 1676453828516] # of commits: 5342235
[time: 1676453828616] # of commits: 5501718
[time: 1676453828716] # of commits: 5655763
[time: 1676453828816] # of commits: 5826434
[time: 1676453828917] # of commits: 5993327
[time: 1676453829017] # of commits: 6138440
[time: 1676453829117] # of commits: 6290656
[time: 1676453829217] # of commits: 6464325
[time: 1676453829317] # of commits: 6633716
[time: 1676453829418] # of commits: 6806285
[time: 1676453829518] # of commits: 6972128
[time: 1676453829618] # of commits: 7125636
[time: 1676453829718] # of commits: 7285252
[time: 1676453829818] # of commits: 7456711
[time: 1676453829918] # of commits: 7610380
[time: 1676453830019] # of commits: 7750129
[time: 1676453830119] # of commits: 7908060
[time: 1676453830219] # of commits: 8078298
[time: 1676453830319] # of commits: 8245275
[time: 1676453830419] # of commits: 8410668
[time: 1676453830519] # of commits: 8569399
[time: 1676453830620] # of commits: 8722677
[time: 1676453830720] # of commits: 8883312
[time: 1676453830820] # of commits: 9055366
[time: 1676453830920] # of commits: 9205301
[time: 1676453831020] # of commits: 9350450
[time: 1676453831120] # of commits: 9510938
[time: 1676453831221] # of commits: 9676900
[time: 1676453831321] # of commits: 9847394
[time: 1676453831421] # of commits: 10012619
[time: 1676453831521] # of commits: 10163734
[time: 1676453831621] # of commits: 10318017
[time: 1676453831721] # of commits: 10479300
[time: 1676453831822] # of commits: 10642717
[time: 1676453831922] # of commits: 10788547
[time: 1676453832022] # of commits: 10934489
[time: 1676453832122] # of commits: 11091525
[time: 1676453832222] # of commits: 11259512
[time: 1676453832323] # of commits: 11427471
[time: 1676453832423] # of commits: 11589528
[time: 1676453832523] # of commits: 11735176
[time: 1676453832623] # of commits: 11886552
[time: 1676453832723] # of commits: 12047559
[time: 1676453832823] # of commits: 12209227
[time: 1676453832924] # of commits: 12353609
[time: 1676453833024] # of commits: 12502357
[time: 1676453833124] # of commits: 12658704
[time: 1676453833224] # of commits: 12822069
[time: 1676453833324] # of commits: 12988101
[time: 1676453833425] # of commits: 13149856
[time: 1676453833525] # of commits: 13295477
[time: 1676453833625] # of commits: 13439096
[time: 1676453833725] # of commits: 13598166
[time: 1676453833825] # of commits: 13756265
[time: 1676453833925] # of commits: 13901972
[time: 1676453834026] # of commits: 14045449
[time: 1676453834126] # of commits: 14202307
[time: 1676453834226] # of commits: 14360561
[time: 1676453834326] # of commits: 14519096
[time: 1676453834426] # of commits: 14680588
[time: 1676453834526] # of commits: 14833114
[time: 1676453834627] # of commits: 14977113
[time: 1676453834727] # of commits: 15128334
[time: 1676453834827] # of commits: 15286657
[time: 1676453834927] # of commits: 15436410
[time: 1676453835027] # of commits: 15582865
[time: 1676453835128] # of commits: 15739667
[time: 1676453835228] # of commits: 15903325
[time: 1676453835328] # of commits: 16062775
[time: 1676453835428] # of commits: 16220266
[agg_throughput-5-25] [0-6972128]throughput without warmup and cool-down: 922337203685128960.000000
Info folder has been generated okay ----<<<<<<
--- benchmark statistics in print_stats ---
runtime: 10.0188 sec
memory delta: 8087.71 MB
memory delta rate: 807.253 MB/sec
logical memory delta: 0 MB
logical memory delta rate: 0 MB/sec
agg_nosync_throughput: 1.61901e+06 ops/sec
avg_nosync_per_core_throughput: 269835 ops/sec/core
agg_throughput: 1.61899e+06 ops/sec
n_commits: 16220324 , elapsed: 10.0188
avg_per_core_throughput: 269831 ops/sec/core
agg_persist_throughput: 1.61899e+06 ops/sec
avg_per_core_persist_throughput: 269831 ops/sec/core
avg_latency: 0.00368694 ms
avg_persist_latency: 0 ms
agg_abort_rate: 0 aborts/sec
avg_per_core_abort_rate: 0 aborts/sec/core
txn breakdown: [[Swap, 16220324]]
--- system counters (for benchmark) ---
--- perf counters (if enabled, for benchmark) ---
--- allocator stats ---
[allocator] ncpus=6
[allocator] cpu=0 fully_faulted?=1 remaining=180355072 bytes
[allocator] cpu=1 fully_faulted?=1 remaining=180355072 bytes
[allocator] cpu=2 fully_faulted?=1 remaining=180355072 bytes
[allocator] cpu=3 fully_faulted?=1 remaining=180355072 bytes
[allocator] cpu=4 fully_faulted?=1 remaining=180355072 bytes
[allocator] cpu=5 fully_faulted?=1 remaining=180355072 bytes
---------------------------------------
dumping heap profile...
printing jemalloc stats...
1618987.731672 1618987.731672 0.003687 0.000000 0.000000 0
total log_size: payment => 0, new_order => 0, delivery => 0
close handle all started
close_all all ok
