allocator::Initialize()
  hugepgsize: 2097152
  use MADV_WILLNEED: 1
  mmap() region [0x7fba8d5fe000, 0x7fbacf7fe000)
cpu0 owns [0x7fba8d600000, 0x7fba90200000)
cpu1 owns [0x7fba90200000, 0x7fba92e00000)
cpu2 owns [0x7fba92e00000, 0x7fba95a00000)
cpu3 owns [0x7fba95a00000, 0x7fba98600000)
cpu4 owns [0x7fba98600000, 0x7fba9b200000)
cpu5 owns [0x7fba9b200000, 0x7fba9de00000)
cpu6 owns [0x7fba9de00000, 0x7fbaa0a00000)
cpu7 owns [0x7fbaa0a00000, 0x7fbaa3600000)
cpu8 owns [0x7fbaa3600000, 0x7fbaa6200000)
cpu9 owns [0x7fbaa6200000, 0x7fbaa8e00000)
cpu10 owns [0x7fbaa8e00000, 0x7fbaaba00000)
cpu11 owns [0x7fbaaba00000, 0x7fbaae600000)
cpu12 owns [0x7fbaae600000, 0x7fbab1200000)
cpu13 owns [0x7fbab1200000, 0x7fbab3e00000)
cpu14 owns [0x7fbab3e00000, 0x7fbab6a00000)
cpu15 owns [0x7fbab6a00000, 0x7fbab9600000)
cpu16 owns [0x7fbab9600000, 0x7fbabc200000)
cpu17 owns [0x7fbabc200000, 0x7fbabee00000)
cpu18 owns [0x7fbabee00000, 0x7fbac1a00000)
cpu19 owns [0x7fbac1a00000, 0x7fbac4600000)
cpu20 owns [0x7fbac4600000, 0x7fbac7200000)
cpu21 owns [0x7fbac7200000, 0x7fbac9e00000)
cpu22 owns [0x7fbac9e00000, 0x7fbacca00000)
cpu23 owns [0x7fbacca00000, 0x7fbacf600000)
Database Benchmark:
  pid: 133052
settings:
  par-loading : 1
  pin-cpus    : 1
  slow-exit   : 0
  retry-txns  : 0
  backoff-txns: 0
  bench       : micro
  scale       : 24
  num-cpus    : 20
  num-threads : 24
  db-type     : mbta
  basedir     : /home/sandbox/rolis-eurosys2022
  txn-flags   : 0
  Output log  : /dev/shm/GLOGS/GenLogThd24.Time.10/
  runtime     : 10
  var-encode  : yes
  allocator   : jemalloc
  numa-memory : 1107296256
  logfiles : []
  assignments : []
  disable-gc : 0
  disable-snapshots : 0
  stats-server-sockfile: 
system properties:
  btree_internal_node_size: 264
  btree_leaf_node_size    : 312
  tuple_prefetch          : no
  btree_node_prefetch     : yes
paxos batch=50000 :::: 50000
kSTOBatchSize = 1000
nthreads = 24
ycsb settings:
  workload_mix: [80, 20, 0, 0]
[INFO] YCSB par loader cpu 0 [0, 5000000)
[INFO] YCSB par loader cpu 1 [5000000, 10000000)
[INFO] YCSB par loader cpu 2 [10000000, 15000000)
[INFO] YCSB par loader cpu 3 [15000000, 20000000)
[INFO] YCSB par loader cpu 4 [20000000, 25000000)
[INFO] YCSB par loader cpu 5 [25000000, 30000000)
[INFO] YCSB par loader cpu 6 [30000000, 35000000)
[INFO] YCSB par loader cpu 7 [35000000, 40000000)
[INFO] YCSB par loader cpu 8 [40000000, 45000000)
[INFO] YCSB par loader cpu 9 [45000000, 50000000)
[INFO] YCSB par loader cpu 10 [50000000, 55000000)
[INFO] YCSB par loader cpu 11 [55000000, 60000000)
[INFO] YCSB par loader cpu 12 [60000000, 65000000)
[INFO] YCSB par loader cpu 13 [65000000, 70000000)
[INFO] YCSB par loader cpu 14 [70000000, 75000000)
[INFO] YCSB par loader cpu 15 [75000000, 80000000)
[INFO] YCSB par loader cpu 16 [80000000, 85000000)
[INFO] YCSB par loader cpu 17 [85000000, 90000000)
[INFO] YCSB par loader cpu 18 [90000000, 95000000)
[INFO] YCSB par loader cpu 19 [95000000, 100000000)
Load phase...
cpu6 starting faulting region (46137344 bytes / 22 hugepgs)
cpucpucpu3 starting faulting region (cpu12cpu7 starting faulting region (cpucpu8 starting faulting region (cpu2 starting faulting region (46137344 bytes / 22 hugepgs)cpu19 starting faulting region (46137344 bytes / 22 hugepgs)cpu1 starting faulting region (46137344cpu15 starting faulting region (46137344 bytes / cpu9 starting faulting region (
46137344 bytes / 22 hugepgs)
cpu13 starting faulting region (cpu14 starting faulting region (46137344 bytes / cpu17 starting faulting region (46137344 bytes / 22 starting faulting region (46137344 bytes / 22 hugepgs)
cpu16 bytes / 46137344 bytes / 22 hugepgs)
cpu5 starting faulting region (46137344 bytes / 22 hugepgs)
cpu4 starting faulting region (
18 starting faulting region (4613734422 hugepgs)4613734446137344 bytes / 220 starting faulting region (46137344 bytes / 22 hugepgs)
10 starting faulting region ( hugepgs)
 starting faulting region (46137344 bytes / 46137344 bytes / 22
46137344 bytes / 22 hugepgs)2222 hugepgs)
22 hugepgs)46137344 bytes / cpu11 starting faulting region ( hugepgs)

 hugepgs)
46137344 bytes / 22 hugepgs)
22 bytes / 22 hugepgs)

 hugepgs)
 hugepgs)
 bytes / 22 hugepgs)
cpu6 finished faulting region in 53.609 ms
cpu5 finished faulting region in 54.04 ms
cpu2 finished faulting region in 61.809 ms
cpu0 finished faulting region in 61.711 ms
cpu17 finished faulting region in 62.881 ms
cpu1 finished faulting region in 62.88 ms
cpu12 finished faulting region in cpu13 finished faulting region in 63.776 mscpu8 finished faulting region in 63.237 ms
cpu3 finished faulting region in 
cpu9 finished faulting region in 62.758 ms
63.673 ms
63.843 ms
cpucpu7 finished faulting region in 62.968 ms19 finished faulting region in 
63.748 ms
cpu16 finished faulting region in 64.709 ms
cpu4 finished faulting region in 64.859 ms
cpu18 finished faulting region in 65.884 ms
cpu15 finished faulting region in 65.912 ms
cpu10 finished faulting region in 67.176 ms
cpu14 finished faulting region in 69.132 ms
cpu11 finished faulting region in 71.94 ms
[INFO] finished loading USERTABLE range [kstart=0, kend=5000000) - nkeys: 5000000
[INFO] finished loading USERTABLE range [kstart=10000000, kend=15000000) - nkeys: 5000000
[INFO] finished loading USERTABLE range [kstart=35000000, kend=40000000) - nkeys: 5000000
[INFO] finished loading USERTABLE range [kstart=5000000, kend=10000000) - nkeys: 5000000
[INFO] finished loading USERTABLE range [kstart=40000000, kend=45000000) - nkeys: 5000000
[INFO] finished loading USERTABLE range [kstart=25000000, kend=30000000) - nkeys: 5000000
[INFO] finished loading USERTABLE range [kstart=30000000, kend=35000000) - nkeys: 5000000
[INFO] finished loading USERTABLE range [kstart=45000000, kend=50000000) - nkeys: 5000000
[INFO] finished loading USERTABLE range [kstart=15000000, kend=20000000) - nkeys: 5000000
[INFO] finished loading USERTABLE range [kstart=20000000, kend=25000000) - nkeys: 5000000
[INFO] finished loading USERTABLE range [kstart=75000000, kend=80000000) - nkeys: 5000000
[INFO] finished loading USERTABLE range [kstart=65000000, kend=70000000) - nkeys: 5000000
[INFO] finished loading USERTABLE range [kstart=70000000, kend=75000000) - nkeys: 5000000
[INFO] finished loading USERTABLE range [kstart=80000000, kend=85000000) - nkeys: 5000000
[INFO] finished loading USERTABLE range [kstart=60000000, kend=65000000) - nkeys: 5000000
[INFO] finished loading USERTABLE range [kstart=85000000, kend=90000000) - nkeys: 5000000
[INFO] finished loading USERTABLE range [kstart=95000000, kend=100000000) - nkeys: 5000000
[INFO] finished loading USERTABLE range [kstart=55000000, kend=60000000) - nkeys: 5000000
[INFO] finished loading USERTABLE range [kstart=50000000, kend=55000000) - nkeys: 5000000
[INFO] finished loading USERTABLE range [kstart=90000000, kend=95000000) - nkeys: 5000000
timed region dataloading took 5375.5 ms
DB size: 17707.3 MB
[0, 0, 0] txns persisted in loading phase
starting benchmark...
[info]bench worker is working on # of num_cpus 0, cpu_gap 0
ParID now : 0
ParID now : 2
ParID now : ParID now : 3
1
ParID now : 4
ParID now : 5
ParID now : 6
ParID now : 7
ParID now : 8
ParID now : 9
ParID now : 10
ParID now : 11
ParID now : 12
ParID now : 13
ParID now : 14
ParID now : 15
ParID now : 16
ParID now : 17
ParID now : 18
ParID now : 19
ParID now : 20
ParID now : 21
ParID now : 22
ParID now : 23
[time: 1676454824343] # of commits: 108437
[time: 1676454824444] # of commits: 513930
[time: 1676454824544] # of commits: 893833
[time: 1676454824644] # of commits: 1271498
[time: 1676454824744] # of commits: 1647483
[time: 1676454824844] # of commits: 2037121
[time: 1676454824944] # of commits: 2407385
[time: 1676454825044] # of commits: 2748639
[time: 1676454825144] # of commits: 3101125
[time: 1676454825244] # of commits: 3459924
[time: 1676454825344] # of commits: 3829138
[time: 1676454825445] # of commits: 4200659
[time: 1676454825545] # of commits: 4564450
[time: 1676454825645] # of commits: 4919893
[time: 1676454825745] # of commits: 5248841
[time: 1676454825845] # of commits: 5588528
[time: 1676454825945] # of commits: 5926270
[time: 1676454826045] # of commits: 6256360
[time: 1676454826145] # of commits: 6598435
[time: 1676454826245] # of commits: 6940180
[time: 1676454826345] # of commits: 7290325
[time: 1676454826445] # of commits: 7638606
[time: 1676454826546] # of commits: 7989005
[time: 1676454826646] # of commits: 8334919
[time: 1676454826746] # of commits: 8680695
[time: 1676454826846] # of commits: 9022482
[time: 1676454826946] # of commits: 9360437
[time: 1676454827046] # of commits: 9701942
[time: 1676454827146] # of commits: 10034145
[time: 1676454827246] # of commits: 10362828
[time: 1676454827346] # of commits: 10696127
[time: 1676454827446] # of commits: 11016919
[time: 1676454827546] # of commits: 11337732
[time: 1676454827647] # of commits: 11642909
[time: 1676454827747] # of commits: 11945890
[time: 1676454827847] # of commits: 12252744
[time: 1676454827947] # of commits: 12562469
[time: 1676454828047] # of commits: 12884023
[time: 1676454828147] # of commits: 13222956
[time: 1676454828247] # of commits: 13550689
[time: 1676454828347] # of commits: 13874074
[time: 1676454828447] # of commits: 14197832
[time: 1676454828547] # of commits: 14530830
[time: 1676454828648] # of commits: 14864628
[time: 1676454828748] # of commits: 15197679
[time: 1676454828848] # of commits: 15527423
[time: 1676454828948] # of commits: 15851132
[time: 1676454829048] # of commits: 16166035
[time: 1676454829148] # of commits: 16485474
[time: 1676454829248] # of commits: 16815042
[time: 1676454829348] # of commits: 17131401
[time: 1676454829448] # of commits: 17434093
[time: 1676454829548] # of commits: 17737145
[time: 1676454829648] # of commits: 18041527
[time: 1676454829749] # of commits: 18343745
[time: 1676454829849] # of commits: 18644014
[time: 1676454829949] # of commits: 18957993
[time: 1676454830049] # of commits: 19285193
[time: 1676454830149] # of commits: 19611976
[time: 1676454830249] # of commits: 19937406
[time: 1676454830349] # of commits: 20266866
[time: 1676454830449] # of commits: 20600639
[time: 1676454830549] # of commits: 20932838
[time: 1676454830649] # of commits: 21262778
[time: 1676454830749] # of commits: 21587209
[time: 1676454830850] # of commits: 21904876
[time: 1676454830950] # of commits: 22225904
[time: 1676454831050] # of commits: 22555725
[time: 1676454831150] # of commits: 22878761
[time: 1676454831250] # of commits: 23185473
[time: 1676454831350] # of commits: 23490782
[time: 1676454831450] # of commits: 23803106
[time: 1676454831550] # of commits: 24107868
[time: 1676454831650] # of commits: 24396175
[time: 1676454831750] # of commits: 24693305
[time: 1676454831851] # of commits: 24996423
[time: 1676454831951] # of commits: 25314441
[time: 1676454832051] # of commits: 25635766
[time: 1676454832151] # of commits: 25959368
[time: 1676454832251] # of commits: 26295656
[time: 1676454832351] # of commits: 26621730
[time: 1676454832451] # of commits: 26936922
[time: 1676454832551] # of commits: 27255868
[time: 1676454832651] # of commits: 27576247
[time: 1676454832751] # of commits: 27900653
[time: 1676454832852] # of commits: 28223458
[time: 1676454832952] # of commits: 28540248
[time: 1676454833052] # of commits: 28851585
[time: 1676454833152] # of commits: 29156573
[time: 1676454833252] # of commits: 29467933
[time: 1676454833352] # of commits: 29791884
[time: 1676454833452] # of commits: 30097089
[time: 1676454833552] # of commits: 30399841
[time: 1676454833652] # of commits: 30708648
[time: 1676454833752] # of commits: 31014785
[time: 1676454833852] # of commits: 31315805
[time: 1676454833953] # of commits: 31614348
[time: 1676454834053] # of commits: 31934233
[time: 1676454834153] # of commits: 32264480
[time: 1676454834253] # of commits: 32581402
[agg_throughput-5-25] [0-13874074]throughput without warmup and cool-down: 922337203684783872.000000
Info folder has been generated okay ----<<<<<<
--- benchmark statistics in print_stats ---
runtime: 10.0108 sec
memory delta: 16072.3 MB
memory delta rate: 1605.5 MB/sec
logical memory delta: 0 MB
logical memory delta rate: 0 MB/sec
agg_nosync_throughput: 3.25467e+06 ops/sec
avg_nosync_per_core_throughput: 135611 ops/sec/core
agg_throughput: 3.25464e+06 ops/sec
n_commits: 32581460 , elapsed: 10.0108
avg_per_core_throughput: 135610 ops/sec/core
agg_persist_throughput: 3.25464e+06 ops/sec
avg_per_core_persist_throughput: 135610 ops/sec/core
avg_latency: 0.00734383 ms
avg_persist_latency: 0 ms
agg_abort_rate: 0 aborts/sec
avg_per_core_abort_rate: 0 aborts/sec/core
txn breakdown: [[Swap, 32581460]]
--- system counters (for benchmark) ---
--- perf counters (if enabled, for benchmark) ---
--- allocator stats ---
[allocator] ncpus=24
[allocator] cpu=0 fully_faulted?=1 remaining=46137344 bytes
[allocator] cpu=1 fully_faulted?=1 remaining=46137344 bytes
[allocator] cpu=2 fully_faulted?=1 remaining=46137344 bytes
[allocator] cpu=3 fully_faulted?=1 remaining=46137344 bytes
[allocator] cpu=4 fully_faulted?=1 remaining=46137344 bytes
[allocator] cpu=5 fully_faulted?=1 remaining=46137344 bytes
[allocator] cpu=6 fully_faulted?=1 remaining=46137344 bytes
[allocator] cpu=7 fully_faulted?=1 remaining=46137344 bytes
[allocator] cpu=8 fully_faulted?=1 remaining=46137344 bytes
[allocator] cpu=9 fully_faulted?=1 remaining=46137344 bytes
[allocator] cpu=10 fully_faulted?=1 remaining=46137344 bytes
[allocator] cpu=11 fully_faulted?=1 remaining=46137344 bytes
[allocator] cpu=12 fully_faulted?=1 remaining=46137344 bytes
[allocator] cpu=13 fully_faulted?=1 remaining=46137344 bytes
[allocator] cpu=14 fully_faulted?=1 remaining=46137344 bytes
[allocator] cpu=15 fully_faulted?=1 remaining=46137344 bytes
[allocator] cpu=16 fully_faulted?=1 remaining=46137344 bytes
[allocator] cpu=17 fully_faulted?=1 remaining=46137344 bytes
[allocator] cpu=18 fully_faulted?=1 remaining=46137344 bytes
[allocator] cpu=19 fully_faulted?=1 remaining=46137344 bytes
[allocator] cpu=20 fully_faulted?=0 remaining=46137344 bytes
[allocator] cpu=21 fully_faulted?=0 remaining=46137344 bytes
[allocator] cpu=22 fully_faulted?=0 remaining=46137344 bytes
[allocator] cpu=23 fully_faulted?=0 remaining=46137344 bytes
---------------------------------------
dumping heap profile...
printing jemalloc stats...
3254642.377481 3254642.377481 0.007344 0.000000 0.000000 0
total log_size: payment => 0, new_order => 0, delivery => 0
close handle all started
close_all all ok
