allocator::Initialize()
  hugepgsize: 2097152
  use MADV_WILLNEED: 1
  mmap() region [0x7f4189ffe000, 0x7f41cb5fe000)
cpu0 owns [0x7f418a000000, 0x7f418da00000)
cpu1 owns [0x7f418da00000, 0x7f4191400000)
cpu2 owns [0x7f4191400000, 0x7f4194e00000)
cpu3 owns [0x7f4194e00000, 0x7f4198800000)
cpu4 owns [0x7f4198800000, 0x7f419c200000)
cpu5 owns [0x7f419c200000, 0x7f419fc00000)
cpu6 owns [0x7f419fc00000, 0x7f41a3600000)
cpu7 owns [0x7f41a3600000, 0x7f41a7000000)
cpu8 owns [0x7f41a7000000, 0x7f41aaa00000)
cpu9 owns [0x7f41aaa00000, 0x7f41ae400000)
cpu10 owns [0x7f41ae400000, 0x7f41b1e00000)
cpu11 owns [0x7f41b1e00000, 0x7f41b5800000)
cpu12 owns [0x7f41b5800000, 0x7f41b9200000)
cpu13 owns [0x7f41b9200000, 0x7f41bcc00000)
cpu14 owns [0x7f41bcc00000, 0x7f41c0600000)
cpu15 owns [0x7f41c0600000, 0x7f41c4000000)
cpu16 owns [0x7f41c4000000, 0x7f41c7a00000)
cpu17 owns [0x7f41c7a00000, 0x7f41cb400000)
Database Benchmark:
  pid: 132667
settings:
  par-loading : 1
  pin-cpus    : 1
  slow-exit   : 0
  retry-txns  : 0
  backoff-txns: 0
  bench       : micro
  scale       : 18
  num-cpus    : 20
  num-threads : 18
  db-type     : mbta
  basedir     : /home/sandbox/rolis-eurosys2022
  txn-flags   : 0
  Output log  : /dev/shm/GLOGS/GenLogThd18.Time.10/
  runtime     : 10
  var-encode  : yes
  allocator   : jemalloc
  numa-memory : 1094713344
  logfiles : []
  assignments : []
  disable-gc : 0
  disable-snapshots : 0
  stats-server-sockfile: 
system properties:
  btree_internal_node_size: 264
  btree_leaf_node_size    : 312
  tuple_prefetch          : no
  btree_node_prefetch     : yes
paxos batch=50000 :::: 50000
kSTOBatchSize = 1000
nthreads = 18
ycsb settings:
  workload_mix: [80, 20, 0, 0]
[INFO] YCSB par loader cpu 0 [0, 5000000)
[INFO] YCSB par loader cpu 1 [5000000, 10000000)
[INFO] YCSB par loader cpu 2 [10000000, 15000000)
[INFO] YCSB par loader cpu 3 [15000000, 20000000)
[INFO] YCSB par loader cpu 4 [20000000, 25000000)
[INFO] YCSB par loader cpu 5 [25000000, 30000000)
[INFO] YCSB par loader cpu 6 [30000000, 35000000)
[INFO] YCSB par loader cpu 7 [35000000, 40000000)
[INFO] YCSB par loader cpu 8 [40000000, 45000000)
[INFO] YCSB par loader cpu 9 [45000000, 50000000)
[INFO] YCSB par loader cpu 10 [50000000, 55000000)
[INFO] YCSB par loader cpu 11 [55000000, 60000000)
[INFO] YCSB par loader cpu 12 [60000000, 65000000)
[INFO] YCSB par loader cpu 13 [65000000, 70000000)
[INFO] YCSB par loader cpu 14 [70000000, 75000000)
[INFO] YCSB par loader cpu 15 [75000000, 80000000)
[INFO] YCSB par loader cpu 16 [80000000, 85000000)
[INFO] YCSB par loader cpu 17 [85000000, 90000000)
[INFO] YCSB par loader cpu 0 [90000000, 95000000)
[INFO] YCSB par loader cpu 1 [95000000, 100000000)
Load phase...
cpu8 starting faulting region (60817408 bytes / 29 hugepgs)
cpu9 starting faulting region (60817408 bytes / 29 hugepgs)cpu13 starting faulting region (60817408 bytes / 29 hugepgs)

cpu17 starting faulting region (60817408 bytes / 29 hugepgs)
cpu1 starting faulting region (60817408 bytes / cpu5 starting faulting region (60817408cpucpu3 starting faulting region (cpucpu16 starting faulting region (60817408 bytes / 29 hugepgs)
cpucpucpucpu6 starting faulting region (60817408 bytes / 29 hugepgs)
cpu4 starting faulting region (60817408cpu010 starting faulting region (60817408 bytes / 29 hugepgs)
29 hugepgs)
 bytes / 29 hugepgs)
cpu2cpu7 starting faulting region (60817408 bytes / 29 hugepgs)
 starting faulting region (60817408 bytes / 29 hugepgs)
 starting faulting region (141511 bytes / 29 hugepgs)
60817408 bytes / 29 hugepgs)
6081740812 starting faulting region ( starting faulting region (60817408 starting faulting region (60817408 bytes / 29 hugepgs)
60817408 bytes / 29 hugepgs) bytes /  bytes / 29
29 hugepgs)
 hugepgs)
 starting faulting region (60817408 bytes / 29 hugepgs)
cpu8 finished faulting region in 58.93 ms
cpu5 finished faulting region in 58.643 ms
cpu9 finished faulting region in 67.288 ms
cpu3 finished faulting region in 66.744 ms
cpu13 finished faulting region in cpu10 finished faulting region in 74.726 ms73.849 ms

cpu17 finished faulting region in 75.387 ms
cpu16 finished faulting region in 75.159 ms
cpu7 finished faulting region in 74.585 ms
cpu1 finished faulting region in 74.869 ms
cpu6 finished faulting region in 77.518 mscpu0 finished faulting region in 76.582 ms

cpu11 finished faulting region in 76.578 ms
cpu2 finished faulting region in 78.61 ms
cpu4 finished faulting region in 78.964 ms
cpu14 finished faulting region in 78.985 ms
cpu12 finished faulting region in 80.662 ms
cpu15 finished faulting region in 80.808 ms
[INFO] finished loading USERTABLE range [kstart=35000000, kend=40000000) - nkeys: [INFO] finished loading USERTABLE range [kstart=0, kend=5000000) - nkeys: 5000000
5000000
[INFO] finished loading USERTABLE range [kstart=30000000, kend=35000000) - nkeys: 5000000
[INFO] finished loading USERTABLE range [kstart=25000000, kend=30000000) - nkeys: 5000000
[INFO] finished loading USERTABLE range [kstart=45000000, kend=50000000) - nkeys: 5000000
[INFO] finished loading USERTABLE range [kstart=10000000, kend=15000000) - nkeys: 5000000
[INFO] finished loading USERTABLE range [kstart=40000000, kend=45000000) - nkeys: 5000000
[INFO] finished loading USERTABLE range [kstart=55000000, kend=60000000) - nkeys: 5000000
[INFO] finished loading USERTABLE range [kstart=15000000, kend=20000000) - nkeys: 5000000
[INFO] finished loading USERTABLE range [kstart=20000000, kend=25000000) - nkeys: 5000000
[INFO] finished loading USERTABLE range [kstart=65000000, kend=70000000) - nkeys: 5000000
[INFO] finished loading USERTABLE range [kstart=5000000, kend=10000000) - nkeys: 5000000
[INFO] finished loading USERTABLE range [kstart=70000000, kend=75000000) - nkeys: 5000000
[INFO] finished loading USERTABLE range [kstart=50000000, kend=55000000) - nkeys: 5000000
[INFO] finished loading USERTABLE range [kstart=75000000, kend=80000000) - nkeys: 5000000
[INFO] finished loading USERTABLE range [kstart=95000000, kend=100000000) - nkeys: 5000000
[INFO] finished loading USERTABLE range [kstart=85000000, kend=90000000) - nkeys: 5000000
[INFO] finished loading USERTABLE range [kstart=60000000, kend=65000000) - nkeys: 5000000
[INFO] finished loading USERTABLE range [kstart=80000000, kend=85000000) - nkeys: 5000000
[INFO] finished loading USERTABLE range [kstart=90000000, kend=95000000) - nkeys: 5000000
timed region dataloading took 5425.64 ms
DB size: 17955.9 MB
[0, 0, 0] txns persisted in loading phase
starting benchmark...
[info]bench worker is working on # of num_cpus 0, cpu_gap 0
ParID now : 0
ParID now : 2
ParID now : 3
ParID now : 1
ParID now : 4
ParID now : 5
ParID now : 6
ParID now : 7
ParID now : 8
ParID now : 9
ParID now : 10
ParID now : 11
ParID now : 12
ParID now : 13
ParID now : 14
ParID now : 15
ParID now : 16
ParID now : 17
[time: 1676454455336] # of commits: 269827
[time: 1676454455436] # of commits: 657004
[time: 1676454455536] # of commits: 1024310
[time: 1676454455636] # of commits: 1393338
[time: 1676454455736] # of commits: 1763044
[time: 1676454455836] # of commits: 2106396
[time: 1676454455936] # of commits: 2437913
[time: 1676454456037] # of commits: 2800913
[time: 1676454456137] # of commits: 3162271
[time: 1676454456237] # of commits: 3516102
[time: 1676454456337] # of commits: 3864242
[time: 1676454456437] # of commits: 4206165
[time: 1676454456537] # of commits: 4526500
[time: 1676454456637] # of commits: 4834386
[time: 1676454456737] # of commits: 5182294
[time: 1676454456837] # of commits: 5537048
[time: 1676454456937] # of commits: 5887086
[time: 1676454457037] # of commits: 6246320
[time: 1676454457138] # of commits: 6605041
[time: 1676454457238] # of commits: 6951991
[time: 1676454457338] # of commits: 7283796
[time: 1676454457438] # of commits: 7592419
[time: 1676454457538] # of commits: 7897077
[time: 1676454457638] # of commits: 8229304
[time: 1676454457738] # of commits: 8571461
[time: 1676454457838] # of commits: 8909853
[time: 1676454457938] # of commits: 9223065
[time: 1676454458038] # of commits: 9486795
[time: 1676454458138] # of commits: 9745476
[time: 1676454458239] # of commits: 10048306
[time: 1676454458339] # of commits: 10375867
[time: 1676454458439] # of commits: 10701986
[time: 1676454458539] # of commits: 11031145
[time: 1676454458639] # of commits: 11360568
[time: 1676454458739] # of commits: 11689976
[time: 1676454458839] # of commits: 12017083
[time: 1676454458939] # of commits: 12324607
[time: 1676454459039] # of commits: 12598273
[time: 1676454459139] # of commits: 12869848
[time: 1676454459240] # of commits: 13189712
[time: 1676454459340] # of commits: 13521878
[time: 1676454459440] # of commits: 13856053
[time: 1676454459540] # of commits: 14162691
[time: 1676454459640] # of commits: 14429097
[time: 1676454459740] # of commits: 14686761
[time: 1676454459840] # of commits: 14993014
[time: 1676454459940] # of commits: 15317520
[time: 1676454460040] # of commits: 15647091
[time: 1676454460141] # of commits: 15972558
[time: 1676454460241] # of commits: 16293000
[time: 1676454460347] # of commits: 16629072
[time: 1676454460447] # of commits: 16952245
[time: 1676454460547] # of commits: 17256314
[time: 1676454460647] # of commits: 17540062
[time: 1676454460747] # of commits: 17826074
[time: 1676454460847] # of commits: 18135216
[time: 1676454460947] # of commits: 18454940
[time: 1676454461047] # of commits: 18782085
[time: 1676454461147] # of commits: 19074948
[time: 1676454461248] # of commits: 19342450
[time: 1676454461348] # of commits: 19608340
[time: 1676454461448] # of commits: 19903244
[time: 1676454461548] # of commits: 20215143
[time: 1676454461648] # of commits: 20540411
[time: 1676454461748] # of commits: 20868558
[time: 1676454461848] # of commits: 21193711
[time: 1676454461948] # of commits: 21511478
[time: 1676454462048] # of commits: 21827643
[time: 1676454462148] # of commits: 22117428
[time: 1676454462248] # of commits: 22397409
[time: 1676454462349] # of commits: 22694925
[time: 1676454462449] # of commits: 23004774
[time: 1676454462549] # of commits: 23317836
[time: 1676454462649] # of commits: 23631836
[time: 1676454462749] # of commits: 23920003
[time: 1676454462849] # of commits: 24190163
[time: 1676454462949] # of commits: 24466191
[time: 1676454463049] # of commits: 24773658
[time: 1676454463149] # of commits: 25082072
[time: 1676454463249] # of commits: 25393897
[time: 1676454463350] # of commits: 25712209
[time: 1676454463450] # of commits: 26031785
[time: 1676454463550] # of commits: 26352931
[time: 1676454463650] # of commits: 26671952
[time: 1676454463750] # of commits: 26962378
[time: 1676454463850] # of commits: 27237648
[time: 1676454463950] # of commits: 27529710
[time: 1676454464050] # of commits: 27840852
[time: 1676454464150] # of commits: 28156025
[time: 1676454464250] # of commits: 28471906
[time: 1676454464351] # of commits: 28758086
[time: 1676454464451] # of commits: 29025694
[time: 1676454464551] # of commits: 29307699
[time: 1676454464651] # of commits: 29611976
[time: 1676454464751] # of commits: 29921198
[time: 1676454464851] # of commits: 30234470
[time: 1676454464951] # of commits: 30554157
[time: 1676454465051] # of commits: 30874997
[time: 1676454465151] # of commits: 31190082
[time: 1676454465251] # of commits: 31502756
[agg_throughput-5-25] [0-13521878]throughput without warmup and cool-down: 922337203684801536.000000
Info folder has been generated okay ----<<<<<<
--- benchmark statistics in print_stats ---
runtime: 10.0214 sec
memory delta: 15239.6 MB
memory delta rate: 1520.71 MB/sec
logical memory delta: 0 MB
logical memory delta rate: 0 MB/sec
agg_nosync_throughput: 3.14468e+06 ops/sec
avg_nosync_per_core_throughput: 174704 ops/sec/core
agg_throughput: 3.14356e+06 ops/sec
n_commits: 31502882 , elapsed: 10.0214
avg_per_core_throughput: 174642 ops/sec/core
agg_persist_throughput: 3.14356e+06 ops/sec
avg_per_core_persist_throughput: 174642 ops/sec/core
avg_latency: 0.00569554 ms
avg_persist_latency: 0 ms
agg_abort_rate: 0 aborts/sec
avg_per_core_abort_rate: 0 aborts/sec/core
txn breakdown: [[Swap, 31502882]]
--- system counters (for benchmark) ---
--- perf counters (if enabled, for benchmark) ---
--- allocator stats ---
[allocator] ncpus=18
[allocator] cpu=0 fully_faulted?=1 remaining=60817408 bytes
[allocator] cpu=1 fully_faulted?=1 remaining=60817408 bytes
[allocator] cpu=2 fully_faulted?=1 remaining=60817408 bytes
[allocator] cpu=3 fully_faulted?=1 remaining=60817408 bytes
[allocator] cpu=4 fully_faulted?=1 remaining=60817408 bytes
[allocator] cpu=5 fully_faulted?=1 remaining=60817408 bytes
[allocator] cpu=6 fully_faulted?=1 remaining=60817408 bytes
[allocator] cpu=7 fully_faulted?=1 remaining=60817408 bytes
[allocator] cpu=8 fully_faulted?=1 remaining=60817408 bytes
[allocator] cpu=9 fully_faulted?=1 remaining=60817408 bytes
[allocator] cpu=10 fully_faulted?=1 remaining=60817408 bytes
[allocator] cpu=11 fully_faulted?=1 remaining=60817408 bytes
[allocator] cpu=12 fully_faulted?=1 remaining=60817408 bytes
[allocator] cpu=13 fully_faulted?=1 remaining=60817408 bytes
[allocator] cpu=14 fully_faulted?=1 remaining=60817408 bytes
[allocator] cpu=15 fully_faulted?=1 remaining=60817408 bytes
[allocator] cpu=16 fully_faulted?=1 remaining=60817408 bytes
[allocator] cpu=17 fully_faulted?=1 remaining=60817408 bytes
---------------------------------------
dumping heap profile...
printing jemalloc stats...
3143560.038450 3143560.038450 0.005696 0.000000 0.000000 0
total log_size: payment => 0, new_order => 0, delivery => 0
close handle all started
close_all all ok
