allocator::Initialize()
  hugepgsize: 2097152
  use MADV_WILLNEED: 1
  mmap() region [0x7fe07adfe000, 0x7fe0bcdfe000)
cpu0 owns [0x7fe07ae00000, 0x7fe07ec00000)
cpu1 owns [0x7fe07ec00000, 0x7fe082a00000)
cpu2 owns [0x7fe082a00000, 0x7fe086800000)
cpu3 owns [0x7fe086800000, 0x7fe08a600000)
cpu4 owns [0x7fe08a600000, 0x7fe08e400000)
cpu5 owns [0x7fe08e400000, 0x7fe092200000)
cpu6 owns [0x7fe092200000, 0x7fe096000000)
cpu7 owns [0x7fe096000000, 0x7fe099e00000)
cpu8 owns [0x7fe099e00000, 0x7fe09dc00000)
cpu9 owns [0x7fe09dc00000, 0x7fe0a1a00000)
cpu10 owns [0x7fe0a1a00000, 0x7fe0a5800000)
cpu11 owns [0x7fe0a5800000, 0x7fe0a9600000)
cpu12 owns [0x7fe0a9600000, 0x7fe0ad400000)
cpu13 owns [0x7fe0ad400000, 0x7fe0b1200000)
cpu14 owns [0x7fe0b1200000, 0x7fe0b5000000)
cpu15 owns [0x7fe0b5000000, 0x7fe0b8e00000)
cpu16 owns [0x7fe0b8e00000, 0x7fe0bcc00000)
Database Benchmark:
  pid: 132613
settings:
  par-loading : 1
  pin-cpus    : 1
  slow-exit   : 0
  retry-txns  : 0
  backoff-txns: 0
  bench       : micro
  scale       : 17
  num-cpus    : 20
  num-threads : 17
  db-type     : mbta
  basedir     : /home/sandbox/rolis-eurosys2022
  txn-flags   : 0
  Output log  : /dev/shm/GLOGS/GenLogThd17.Time.10/
  runtime     : 10
  var-encode  : yes
  allocator   : jemalloc
  numa-memory : 1105199104
  logfiles : []
  assignments : []
  disable-gc : 0
  disable-snapshots : 0
  stats-server-sockfile: 
system properties:
  btree_internal_node_size: 264
  btree_leaf_node_size    : 312
  tuple_prefetch          : no
  btree_node_prefetch     : yes
paxos batch=50000 :::: 50000
kSTOBatchSize = 1000
nthreads = 17
ycsb settings:
  workload_mix: [80, 20, 0, 0]
[INFO] YCSB par loader cpu 0 [0, 5000000)
[INFO] YCSB par loader cpu 1 [5000000, 10000000)
[INFO] YCSB par loader cpu 2 [10000000, 15000000)
[INFO] YCSB par loader cpu 3 [15000000, 20000000)
[INFO] YCSB par loader cpu 4 [20000000, 25000000)
[INFO] YCSB par loader cpu 5 [25000000, 30000000)
[INFO] YCSB par loader cpu 6 [30000000, 35000000)
[INFO] YCSB par loader cpu 7 [35000000, 40000000)
[INFO] YCSB par loader cpu 8 [40000000, 45000000)
[INFO] YCSB par loader cpu 9 [45000000, 50000000)
[INFO] YCSB par loader cpu 10 [50000000, 55000000)
[INFO] YCSB par loader cpu 11 [55000000, 60000000)
[INFO] YCSB par loader cpu 12 [60000000, 65000000)
[INFO] YCSB par loader cpu 13 [65000000, 70000000)
[INFO] YCSB par loader cpu 14 [70000000, 75000000)
[INFO] YCSB par loader cpu 15 [75000000, 80000000)
[INFO] YCSB par loader cpu 16 [80000000, 85000000)
[INFO] YCSB par loader cpu 0 [85000000, 90000000)
[INFO] YCSB par loader cpu 1 [90000000, 95000000)
[INFO] YCSB par loader cpu 2 [95000000, 100000000)
Load phase...
cpu2 starting faulting region (65011712cpu4 starting faulting region (65011712 bytes / 31 hugepgs) bytes / 31cpu0 starting faulting region (65011712cpucpucpucpu14cpu6 starting faulting region (cpucpu5 starting faulting region (cpu11 starting faulting region (65011712 bytes / 31 hugepgs)
cpu9 starting faulting region (cpu7 starting faulting region (65011712 bytes / 31 hugepgs)
3 starting faulting region (cpu1 starting faulting region (65011712 hugepgs)
 bytes / 31 hugepgs)

65011712 bytes / 65011712 bytes / 12cpu1015 starting faulting region (65011712 bytes / 31 hugepgs)
 bytes / 31 hugepgs)
 starting faulting region (65011712 bytes / 31 hugepgs)
3131 hugepgs)
65011712 bytes / 31 hugepgs)cpu16 starting faulting region ( starting faulting region (65011712 bytes / 31 hugepgs)
65011712 bytes / 31 hugepgs)
cpu13 starting faulting region ( starting faulting region (65011712 bytes / 31 hugepgs)
8 starting faulting region (65011712 bytes /  hugepgs)

65011712 bytes / 31 hugepgs)
65011712 bytes / 31 hugepgs)31 hugepgs)

cpu4 finished faulting region in 60.312 ms
cpu14 finished faulting region in cpu13 finished faulting region in 63.325 ms63.112 ms

cpu6 finished faulting region in 72.11 ms
cpu16 finished faulting region in 72.27 ms
cpu0 finished faulting region in cpu78.123 ms
5 finished faulting region in 77.749 ms
cpu15 finished faulting region in 78.036 ms
cpu11 finished faulting region in 78.742 ms
cpu2 finished faulting region in 77.522 ms
cpu8cpu3 finished faulting region in cpu10 finished faulting region in 78.065 ms
77.895 ms
 finished faulting region in 78.357 ms
cpu1 finished faulting region in 79.833 ms
cpu7 finished faulting region in 81.136 ms
cpu9 finished faulting region in cpu1280.482 ms
 finished faulting region in 80.829 ms
[INFO] finished loading USERTABLE range [kstart=20000000, kend=25000000) - nkeys: 5000000
[INFO] finished loading USERTABLE range [kstart=0, kend=5000000) - nkeys: 5000000
[INFO] finished loading USERTABLE range [kstart=10000000, kend=15000000) - nkeys: 5000000
[INFO] finished loading USERTABLE range [kstart=45000000, kend=50000000) - nkeys: 5000000
[INFO] finished loading USERTABLE range [kstart=40000000, kend=45000000) - nkeys: 5000000
[INFO] finished loading USERTABLE range [kstart=25000000, kend=30000000) - nkeys: 5000000
[INFO] finished loading USERTABLE range [kstart=5000000, kend=10000000) - nkeys: 5000000
[INFO] finished loading USERTABLE range [kstart=70000000, kend=75000000) - nkeys: 5000000
[INFO] finished loading USERTABLE range [kstart=35000000, kend=40000000) - nkeys: 5000000
[INFO] finished loading USERTABLE range [kstart=60000000, kend=65000000) - nkeys: 5000000
[INFO] finished loading USERTABLE range [kstart=65000000, kend=70000000) - nkeys: 5000000
[INFO] finished loading USERTABLE range [kstart=55000000, kend=60000000) - nkeys: 5000000
[INFO] finished loading USERTABLE range [kstart=30000000, kend=35000000) - nkeys: 5000000
[INFO] finished loading USERTABLE range [kstart=80000000, kend=85000000) - nkeys: 5000000
[INFO] finished loading USERTABLE range [kstart=15000000, kend=20000000) - nkeys: 5000000
[INFO] finished loading USERTABLE range [kstart=50000000, kend=55000000) - nkeys: 5000000
[INFO] finished loading USERTABLE range [kstart=95000000, kend=100000000) - nkeys: 5000000
[INFO] finished loading USERTABLE range [kstart=85000000, kend=90000000) - nkeys: 5000000
[INFO] finished loading USERTABLE range [kstart=75000000, kend=80000000) - nkeys: 5000000
[INFO] finished loading USERTABLE range [kstart=90000000, kend=95000000) - nkeys: 5000000
timed region dataloading took 5312.91 ms
DB size: 17801.2 MB
[0, 0, 0] txns persisted in loading phase
starting benchmark...
[info]bench worker is working on # of num_cpus 0, cpu_gap 0
ParID now : ParID now : 01ParID now : 
2
ParID now : 3

ParID now : 4
ParID now : 5
ParID now : 6
ParID now : 7
ParID now : 8
ParID now : 9
ParID now : 10
ParID now : 11
ParID now : 12
ParID now : 13
ParID now : 14
ParID now : 15
ParID now : 16
[time: 1676454397221] # of commits: 260545
[time: 1676454397321] # of commits: 644338
[time: 1676454397421] # of commits: 1010668
[time: 1676454397521] # of commits: 1369759
[time: 1676454397622] # of commits: 1730945
[time: 1676454397722] # of commits: 2070488
[time: 1676454397822] # of commits: 2401795
[time: 1676454397922] # of commits: 2753118
[time: 1676454398022] # of commits: 3101629
[time: 1676454398122] # of commits: 3443198
[time: 1676454398222] # of commits: 3786878
[time: 1676454398322] # of commits: 4123710
[time: 1676454398422] # of commits: 4439842
[time: 1676454398522] # of commits: 4754982
[time: 1676454398622] # of commits: 5100361
[time: 1676454398723] # of commits: 5442823
[time: 1676454398823] # of commits: 5791617
[time: 1676454398923] # of commits: 6140558
[time: 1676454399023] # of commits: 6485137
[time: 1676454399123] # of commits: 6817315
[time: 1676454399223] # of commits: 7158048
[time: 1676454399323] # of commits: 7468283
[time: 1676454399423] # of commits: 7770093
[time: 1676454399523] # of commits: 8092653
[time: 1676454399623] # of commits: 8416013
[time: 1676454399723] # of commits: 8737793
[time: 1676454399824] # of commits: 9030597
[time: 1676454399924] # of commits: 9301259
[time: 1676454400024] # of commits: 9577596
[time: 1676454400124] # of commits: 9901645
[time: 1676454400224] # of commits: 10213523
[time: 1676454400324] # of commits: 10529499
[time: 1676454400424] # of commits: 10854860
[time: 1676454400524] # of commits: 11182037
[time: 1676454400624] # of commits: 11503771
[time: 1676454400724] # of commits: 11822530
[time: 1676454400825] # of commits: 12105072
[time: 1676454400925] # of commits: 12371973
[time: 1676454401025] # of commits: 12668036
[time: 1676454401125] # of commits: 12993402
[time: 1676454401225] # of commits: 13309820
[time: 1676454401325] # of commits: 13616045
[time: 1676454401425] # of commits: 13887980
[time: 1676454401525] # of commits: 14160106
[time: 1676454401625] # of commits: 14456755
[time: 1676454401725] # of commits: 14778843
[time: 1676454401826] # of commits: 15103648
[time: 1676454401926] # of commits: 15421428
[time: 1676454402026] # of commits: 15733466
[time: 1676454402126] # of commits: 16050268
[time: 1676454402226] # of commits: 16368899
[time: 1676454402326] # of commits: 16673223
[time: 1676454402426] # of commits: 16946291
[time: 1676454402526] # of commits: 17214957
[time: 1676454402626] # of commits: 17522155
[time: 1676454402726] # of commits: 17845625
[time: 1676454402827] # of commits: 18166048
[time: 1676454402927] # of commits: 18467589
[time: 1676454403027] # of commits: 18736582
[time: 1676454403127] # of commits: 19002901
[time: 1676454403227] # of commits: 19298125
[time: 1676454403327] # of commits: 19610580
[time: 1676454403427] # of commits: 19933916
[time: 1676454403527] # of commits: 20251571
[time: 1676454403627] # of commits: 20560455
[time: 1676454403727] # of commits: 20873794
[time: 1676454403828] # of commits: 21187666
[time: 1676454403928] # of commits: 21481626
[time: 1676454404028] # of commits: 21759924
[time: 1676454404128] # of commits: 22048728
[time: 1676454404228] # of commits: 22358736
[time: 1676454404328] # of commits: 22669203
[time: 1676454404428] # of commits: 22974340
[time: 1676454404528] # of commits: 23265828
[time: 1676454404628] # of commits: 23537327
[time: 1676454404728] # of commits: 23812155
[time: 1676454404828] # of commits: 24104829
[time: 1676454404929] # of commits: 24412661
[time: 1676454405029] # of commits: 24728264
[time: 1676454405129] # of commits: 25046318
[time: 1676454405229] # of commits: 25367615
[time: 1676454405329] # of commits: 25685771
[time: 1676454405429] # of commits: 25988370
[time: 1676454405529] # of commits: 26267004
[time: 1676454405629] # of commits: 26535395
[time: 1676454405729] # of commits: 26827059
[time: 1676454405829] # of commits: 27140680
[time: 1676454405929] # of commits: 27447620
[time: 1676454406030] # of commits: 27743734
[time: 1676454406130] # of commits: 28030107
[time: 1676454406230] # of commits: 28304676
[time: 1676454406330] # of commits: 28590117
[time: 1676454406430] # of commits: 28898669
[time: 1676454406530] # of commits: 29213260
[time: 1676454406630] # of commits: 29518805
[time: 1676454406730] # of commits: 29819799
[time: 1676454406830] # of commits: 30135545
[time: 1676454406930] # of commits: 30449152
[time: 1676454407031] # of commits: 30748580
[time: 1676454407131] # of commits: 31017453
[agg_throughput-5-25] [0-13309820]throughput without warmup and cool-down: 922337203684812032.000000
Info folder has been generated okay ----<<<<<<
--- benchmark statistics in print_stats ---
runtime: 10.0099 sec
memory delta: 15596 MB
memory delta rate: 1558.06 MB/sec
logical memory delta: 0 MB
logical memory delta rate: 0 MB/sec
agg_nosync_throughput: 3.09872e+06 ops/sec
avg_nosync_per_core_throughput: 182278 ops/sec/core
agg_throughput: 3.09869e+06 ops/sec
n_commits: 31017534 , elapsed: 10.0099
avg_per_core_throughput: 182276 ops/sec/core
agg_persist_throughput: 3.09869e+06 ops/sec
avg_per_core_persist_throughput: 182276 ops/sec/core
avg_latency: 0.00546025 ms
avg_persist_latency: 0 ms
agg_abort_rate: 0 aborts/sec
avg_per_core_abort_rate: 0 aborts/sec/core
txn breakdown: [[Swap, 31017534]]
--- system counters (for benchmark) ---
--- perf counters (if enabled, for benchmark) ---
--- allocator stats ---
[allocator] ncpus=17
[allocator] cpu=0 fully_faulted?=1 remaining=65011712 bytes
[allocator] cpu=1 fully_faulted?=1 remaining=65011712 bytes
[allocator] cpu=2 fully_faulted?=1 remaining=65011712 bytes
[allocator] cpu=3 fully_faulted?=1 remaining=65011712 bytes
[allocator] cpu=4 fully_faulted?=1 remaining=65011712 bytes
[allocator] cpu=5 fully_faulted?=1 remaining=65011712 bytes
[allocator] cpu=6 fully_faulted?=1 remaining=65011712 bytes
[allocator] cpu=7 fully_faulted?=1 remaining=65011712 bytes
[allocator] cpu=8 fully_faulted?=1 remaining=65011712 bytes
[allocator] cpu=9 fully_faulted?=1 remaining=65011712 bytes
[allocator] cpu=10 fully_faulted?=1 remaining=65011712 bytes
[allocator] cpu=11 fully_faulted?=1 remaining=65011712 bytes
[allocator] cpu=12 fully_faulted?=1 remaining=65011712 bytes
[allocator] cpu=13 fully_faulted?=1 remaining=65011712 bytes
[allocator] cpu=14 fully_faulted?=1 remaining=65011712 bytes
[allocator] cpu=15 fully_faulted?=1 remaining=65011712 bytes
[allocator] cpu=16 fully_faulted?=1 remaining=65011712 bytes
---------------------------------------
dumping heap profile...
printing jemalloc stats...
3098692.511537 3098692.511537 0.005460 0.000000 0.000000 0
total log_size: payment => 0, new_order => 0, delivery => 0
close handle all started
close_all all ok
