allocator::Initialize()
  hugepgsize: 2097152
  use MADV_WILLNEED: 1
  mmap() region [0x7f86851fe000, 0x7f86c5bfe000)
cpu0 owns [0x7f8685200000, 0x7f868a800000)
cpu1 owns [0x7f868a800000, 0x7f868fe00000)
cpu2 owns [0x7f868fe00000, 0x7f8695400000)
cpu3 owns [0x7f8695400000, 0x7f869aa00000)
cpu4 owns [0x7f869aa00000, 0x7f86a0000000)
cpu5 owns [0x7f86a0000000, 0x7f86a5600000)
cpu6 owns [0x7f86a5600000, 0x7f86aac00000)
cpu7 owns [0x7f86aac00000, 0x7f86b0200000)
cpu8 owns [0x7f86b0200000, 0x7f86b5800000)
cpu9 owns [0x7f86b5800000, 0x7f86bae00000)
cpu10 owns [0x7f86bae00000, 0x7f86c0400000)
cpu11 owns [0x7f86c0400000, 0x7f86c5a00000)
Database Benchmark:
  pid: 132294
settings:
  par-loading : 1
  pin-cpus    : 1
  slow-exit   : 0
  retry-txns  : 0
  backoff-txns: 0
  bench       : micro
  scale       : 12
  num-cpus    : 20
  num-threads : 12
  db-type     : mbta
  basedir     : /home/sandbox/rolis-eurosys2022
  txn-flags   : 0
  Output log  : /dev/shm/GLOGS/GenLogThd12.Time.10/
  runtime     : 10
  var-encode  : yes
  allocator   : jemalloc
  numa-memory : 1082130432
  logfiles : []
  assignments : []
  disable-gc : 0
  disable-snapshots : 0
  stats-server-sockfile: 
system properties:
  btree_internal_node_size: 264
  btree_leaf_node_size    : 312
  tuple_prefetch          : no
  btree_node_prefetch     : yes
paxos batch=50000 :::: 50000
kSTOBatchSize = 1000
nthreads = 12
ycsb settings:
  workload_mix: [80, 20, 0, 0]
[INFO] YCSB par loader cpu 0 [0, 5000000)
[INFO] YCSB par loader cpu 1 [5000000, 10000000)
[INFO] YCSB par loader cpu 2 [10000000, 15000000)
[INFO] YCSB par loader cpu 3 [15000000, 20000000)
[INFO] YCSB par loader cpu 4 [20000000, 25000000)
[INFO] YCSB par loader cpu 5 [25000000, 30000000)
[INFO] YCSB par loader cpu 6 [30000000, 35000000)
[INFO] YCSB par loader cpu 7 [35000000, 40000000)
[INFO] YCSB par loader cpu 8 [40000000, 45000000)
[INFO] YCSB par loader cpu 9 [45000000, 50000000)
[INFO] YCSB par loader cpu 10 [50000000, 55000000)
[INFO] YCSB par loader cpu 11 [55000000, 60000000)
[INFO] YCSB par loader cpu 0 [60000000, 65000000)
[INFO] YCSB par loader cpu 1 [65000000, 70000000)
[INFO] YCSB par loader cpu 2 [70000000, 75000000)
[INFO] YCSB par loader cpu 3 [75000000, 80000000)
[INFO] YCSB par loader cpu 4 [80000000, 85000000)
[INFO] YCSB par loader cpu 5 [85000000, 90000000)
[INFO] YCSB par loader cpu 6 [90000000, 95000000)
[INFO] YCSB par loader cpu 7 [95000000, 100000000)
Load phase...
cpu5 starting faulting region (90177536 bytes / 43 hugepgs)
cpu6 starting faulting region (cpu7cpu0 starting faulting region (cpu8cpu1 starting faulting region (90177536 bytes / 43cpu9 starting faulting region (90177536 bytes / 43 hugepgs)cpu10 starting faulting region (cpu11 starting faulting region (90177536cpu3 starting faulting region (90177536cpu29017753690177536 bytes /  starting faulting region (cpu4
 bytes / 90177536 bytes / 43 hugepgs)
 hugepgs)
 starting faulting region (90177536 bytes / 43 bytes / 43 hugepgs)
 hugepgs)90177536 bytes / 43 hugepgs)
 starting faulting region ( bytes / 43 hugepgs)43 hugepgs)

 starting faulting region (90177536 bytes / 43 hugepgs)
90177536 bytes / 43 hugepgs)
43 hugepgs)

cpu8 finished faulting region in 67.523 ms
cpu9 finished faulting region in 68.042 ms
cpu3 finished faulting region in 67.902 ms
cpu6 finished faulting region in 68.43 ms
cpu5 finished faulting region in 81.794 ms
cpu2 finished faulting region in 81.282 ms
cpu1 finished faulting region in cpu0 finished faulting region in 90.441 ms90.26 ms

cpu10 finished faulting region in 90.28 ms
cpu4 finished faulting region in 90.616 ms
cpu11 finished faulting region in 94.521 ms
cpu7 finished faulting region in 95.032 ms
[INFO] finished loading USERTABLE range [kstart=45000000, kend=50000000) - nkeys: 5000000
[INFO] finished loading USERTABLE range [kstart=35000000, kend=40000000) - nkeys: 5000000
[INFO] finished loading USERTABLE range [kstart=40000000, kend=45000000) - nkeys: 5000000
[INFO] finished loading USERTABLE range [kstart=15000000, kend=20000000) - nkeys: 5000000
[INFO] finished loading USERTABLE range [kstart=25000000, kend=30000000) - nkeys: 5000000
[INFO] finished loading USERTABLE range [kstart=0, kend=5000000) - nkeys: 5000000
[INFO] finished loading USERTABLE range [kstart=10000000, kend=15000000) - nkeys: 5000000
[INFO] finished loading USERTABLE range [kstart=20000000, kend=25000000) - nkeys: 5000000
[INFO] finished loading USERTABLE range [kstart=30000000, kend=35000000) - nkeys: 5000000
[INFO] finished loading USERTABLE range [kstart=70000000, kend=75000000) - nkeys: 5000000
[INFO] finished loading USERTABLE range [kstart=90000000, kend=95000000) - nkeys: 5000000
[INFO] finished loading USERTABLE range [kstart=5000000, kend=10000000) - nkeys: 5000000
[INFO] finished loading USERTABLE range [kstart=50000000, kend=55000000) - nkeys: 5000000
[INFO] finished loading USERTABLE range [kstart=60000000, kend=65000000) - nkeys: 5000000
[INFO] finished loading USERTABLE range [kstart=75000000, kend=80000000) - nkeys: 5000000
[INFO] finished loading USERTABLE range [kstart=65000000, kend=70000000) - nkeys: 5000000
[INFO] finished loading USERTABLE range [kstart=95000000, kend=100000000) - nkeys: 5000000
[INFO] finished loading USERTABLE range [kstart=80000000, kend=85000000) - nkeys: 5000000
[INFO] finished loading USERTABLE range [kstart=55000000, kend=60000000) - nkeys: 5000000
[INFO] finished loading USERTABLE range [kstart=85000000, kend=90000000) - nkeys: 5000000
timed region dataloading took 5480.31 ms
DB size: 17854.7 MB
[0, 0, 0] txns persisted in loading phase
starting benchmark...
[info]bench worker is working on # of num_cpus 0, cpu_gap 0
ParID now : 0
ParID now : 1
ParID now : 3
ParID now : 2
ParID now : 4
ParID now : 5
ParID now : 6
ParID now : 7
ParID now : 9
ParID now : 11
ParID now : 10
ParID now : 8
[time: 1676454122368] # of commits: 223512
[time: 1676454122469] # of commits: 551239
[time: 1676454122569] # of commits: 881514
[time: 1676454122669] # of commits: 1188564
[time: 1676454122769] # of commits: 1484504
[time: 1676454122869] # of commits: 1791035
[time: 1676454122969] # of commits: 2095940
[time: 1676454123069] # of commits: 2394040
[time: 1676454123169] # of commits: 2674490
[time: 1676454123269] # of commits: 2960774
[time: 1676454123369] # of commits: 3259350
[time: 1676454123470] # of commits: 3554237
[time: 1676454123570] # of commits: 3846112
[time: 1676454123670] # of commits: 4138905
[time: 1676454123770] # of commits: 4424656
[time: 1676454123870] # of commits: 4705858
[time: 1676454123970] # of commits: 5006643
[time: 1676454124070] # of commits: 5306383
[time: 1676454124170] # of commits: 5557445
[time: 1676454124270] # of commits: 5817079
[time: 1676454124370] # of commits: 6110692
[time: 1676454124470] # of commits: 6407276
[time: 1676454124571] # of commits: 6709354
[time: 1676454124671] # of commits: 7011638
[time: 1676454124771] # of commits: 7285127
[time: 1676454124871] # of commits: 7535114
[time: 1676454124971] # of commits: 7813046
[time: 1676454125071] # of commits: 8102311
[time: 1676454125171] # of commits: 8363642
[time: 1676454125271] # of commits: 8620908
[time: 1676454125371] # of commits: 8909363
[time: 1676454125471] # of commits: 9201588
[time: 1676454125572] # of commits: 9492038
[time: 1676454125672] # of commits: 9775076
[time: 1676454125772] # of commits: 10038543
[time: 1676454125872] # of commits: 10291436
[time: 1676454125972] # of commits: 10556995
[time: 1676454126072] # of commits: 10834766
[time: 1676454126172] # of commits: 11101275
[time: 1676454126272] # of commits: 11338721
[time: 1676454126372] # of commits: 11586112
[time: 1676454126472] # of commits: 11856375
[time: 1676454126572] # of commits: 12131353
[time: 1676454126673] # of commits: 12410067
[time: 1676454126773] # of commits: 12686387
[time: 1676454126873] # of commits: 12952220
[time: 1676454126973] # of commits: 13212428
[time: 1676454127073] # of commits: 13479407
[time: 1676454127173] # of commits: 13741892
[time: 1676454127273] # of commits: 13990194
[time: 1676454127373] # of commits: 14238595
[time: 1676454127473] # of commits: 14500550
[time: 1676454127573] # of commits: 14774425
[time: 1676454127674] # of commits: 15039371
[time: 1676454127774] # of commits: 15309324
[time: 1676454127874] # of commits: 15572403
[time: 1676454127974] # of commits: 15833611
[time: 1676454128074] # of commits: 16089725
[time: 1676454128174] # of commits: 16358868
[time: 1676454128274] # of commits: 16624054
[time: 1676454128374] # of commits: 16879895
[time: 1676454128474] # of commits: 17133260
[time: 1676454128574] # of commits: 17394075
[time: 1676454128675] # of commits: 17665127
[time: 1676454128775] # of commits: 17935549
[time: 1676454128875] # of commits: 18203666
[time: 1676454128975] # of commits: 18469771
[time: 1676454129075] # of commits: 18728156
[time: 1676454129175] # of commits: 18978202
[time: 1676454129275] # of commits: 19228266
[time: 1676454129375] # of commits: 19480889
[time: 1676454129475] # of commits: 19737220
[time: 1676454129575] # of commits: 19989738
[time: 1676454129676] # of commits: 20245420
[time: 1676454129776] # of commits: 20516505
[time: 1676454129876] # of commits: 20791656
[time: 1676454129976] # of commits: 21054244
[time: 1676454130076] # of commits: 21303651
[time: 1676454130176] # of commits: 21555224
[time: 1676454130276] # of commits: 21809114
[time: 1676454130376] # of commits: 22066398
[time: 1676454130476] # of commits: 22323591
[time: 1676454130576] # of commits: 22580151
[time: 1676454130676] # of commits: 22825095
[time: 1676454130777] # of commits: 23064254
[time: 1676454130877] # of commits: 23327704
[time: 1676454130977] # of commits: 23604997
[time: 1676454131077] # of commits: 23875103
[time: 1676454131177] # of commits: 24131066
[time: 1676454131277] # of commits: 24386112
[time: 1676454131377] # of commits: 24642209
[time: 1676454131477] # of commits: 24898230
[time: 1676454131577] # of commits: 25147343
[time: 1676454131677] # of commits: 25393884
[time: 1676454131778] # of commits: 25640239
[time: 1676454131878] # of commits: 25888583
[time: 1676454131978] # of commits: 26149092
[time: 1676454132078] # of commits: 26416592
[time: 1676454132178] # of commits: 26673593
[time: 1676454132278] # of commits: 26917328
[agg_throughput-5-25] [0-11586112]throughput without warmup and cool-down: 922337203684898304.000000
Info folder has been generated okay ----<<<<<<
--- benchmark statistics in print_stats ---
runtime: 10.0099 sec
memory delta: 13497.1 MB
memory delta rate: 1348.38 MB/sec
logical memory delta: 0 MB
logical memory delta rate: 0 MB/sec
agg_nosync_throughput: 2.6891e+06 ops/sec
avg_nosync_per_core_throughput: 224092 ops/sec/core
agg_throughput: 2.68908e+06 ops/sec
n_commits: 26917408 , elapsed: 10.0099
avg_per_core_throughput: 224090 ops/sec/core
agg_persist_throughput: 2.68908e+06 ops/sec
avg_per_core_persist_throughput: 224090 ops/sec/core
avg_latency: 0.00444094 ms
avg_persist_latency: 0 ms
agg_abort_rate: 0 aborts/sec
avg_per_core_abort_rate: 0 aborts/sec/core
txn breakdown: [[Swap, 26917408]]
--- system counters (for benchmark) ---
--- perf counters (if enabled, for benchmark) ---
--- allocator stats ---
[allocator] ncpus=12
[allocator] cpu=0 fully_faulted?=1 remaining=90177536 bytes
[allocator] cpu=1 fully_faulted?=1 remaining=90177536 bytes
[allocator] cpu=2 fully_faulted?=1 remaining=90177536 bytes
[allocator] cpu=3 fully_faulted?=1 remaining=90177536 bytes
[allocator] cpu=4 fully_faulted?=1 remaining=90177536 bytes
[allocator] cpu=5 fully_faulted?=1 remaining=90177536 bytes
[allocator] cpu=6 fully_faulted?=1 remaining=90177536 bytes
[allocator] cpu=7 fully_faulted?=1 remaining=90177536 bytes
[allocator] cpu=8 fully_faulted?=1 remaining=90177536 bytes
[allocator] cpu=9 fully_faulted?=1 remaining=90177536 bytes
[allocator] cpu=10 fully_faulted?=1 remaining=90177536 bytes
[allocator] cpu=11 fully_faulted?=1 remaining=90177536 bytes
---------------------------------------
dumping heap profile...
printing jemalloc stats...
2689078.074890 2689078.074890 0.004441 0.000000 0.000000 0
total log_size: payment => 0, new_order => 0, delivery => 0
close handle all started
close_all all ok
