allocator::Initialize()
  hugepgsize: 2097152
  use MADV_WILLNEED: 1
  mmap() region [0x7f3bb01fe000, 0x7f3bf13fe000)
cpu0 owns [0x7f3bb0200000, 0x7f3bb5200000)
cpu1 owns [0x7f3bb5200000, 0x7f3bba200000)
cpu2 owns [0x7f3bba200000, 0x7f3bbf200000)
cpu3 owns [0x7f3bbf200000, 0x7f3bc4200000)
cpu4 owns [0x7f3bc4200000, 0x7f3bc9200000)
cpu5 owns [0x7f3bc9200000, 0x7f3bce200000)
cpu6 owns [0x7f3bce200000, 0x7f3bd3200000)
cpu7 owns [0x7f3bd3200000, 0x7f3bd8200000)
cpu8 owns [0x7f3bd8200000, 0x7f3bdd200000)
cpu9 owns [0x7f3bdd200000, 0x7f3be2200000)
cpu10 owns [0x7f3be2200000, 0x7f3be7200000)
cpu11 owns [0x7f3be7200000, 0x7f3bec200000)
cpu12 owns [0x7f3bec200000, 0x7f3bf1200000)
Database Benchmark:
  pid: 132348
settings:
  par-loading : 1
  pin-cpus    : 1
  slow-exit   : 0
  retry-txns  : 0
  backoff-txns: 0
  bench       : micro
  scale       : 13
  num-cpus    : 20
  num-threads : 13
  db-type     : mbta
  basedir     : /home/sandbox/rolis-eurosys2022
  txn-flags   : 0
  Output log  : /dev/shm/GLOGS/GenLogThd13.Time.10/
  runtime     : 10
  var-encode  : yes
  allocator   : jemalloc
  numa-memory : 1090519040
  logfiles : []
  assignments : []
  disable-gc : 0
  disable-snapshots : 0
  stats-server-sockfile: 
system properties:
  btree_internal_node_size: 264
  btree_leaf_node_size    : 312
  tuple_prefetch          : no
  btree_node_prefetch     : yes
paxos batch=50000 :::: 50000
kSTOBatchSize = 1000
nthreads = 13
ycsb settings:
  workload_mix: [80, 20, 0, 0]
[INFO] YCSB par loader cpu 0 [0, 5000000)
[INFO] YCSB par loader cpu 1 [5000000, 10000000)
[INFO] YCSB par loader cpu 2 [10000000, 15000000)
[INFO] YCSB par loader cpu 3 [15000000, 20000000)
[INFO] YCSB par loader cpu 4 [20000000, 25000000)
[INFO] YCSB par loader cpu 5 [25000000, 30000000)
[INFO] YCSB par loader cpu 6 [30000000, 35000000)
[INFO] YCSB par loader cpu 7 [35000000, 40000000)
[INFO] YCSB par loader cpu 8 [40000000, 45000000)
[INFO] YCSB par loader cpu 9 [45000000, 50000000)
[INFO] YCSB par loader cpu 10 [50000000, 55000000)
[INFO] YCSB par loader cpu 11 [55000000, 60000000)
[INFO] YCSB par loader cpu 12 [60000000, 65000000)
[INFO] YCSB par loader cpu 0 [65000000, 70000000)
[INFO] YCSB par loader cpu 1 [70000000, 75000000)
[INFO] YCSB par loader cpu 2 [75000000, 80000000)
[INFO] YCSB par loader cpu 3 [80000000, 85000000)
[INFO] YCSB par loader cpu 4 [85000000, 90000000)
[INFO] YCSB par loader cpu 5 [90000000, 95000000)
[INFO] YCSB par loader cpu 6 [95000000, 100000000)
Load phase...
cpu9 starting faulting region (83886080 bytes / 40 hugepgs)
cpu6 starting faulting region (83886080 bytes / 40 hugepgs)
cpu7 starting faulting region (83886080cpu10 starting faulting region (83886080cpu5 starting faulting region (83886080 bytes / cpu1 starting faulting region (cpu0 starting faulting region (83886080cpu4 starting faulting region (cpu3 starting faulting region (cpu2 starting faulting region (83886080 bytes / cpu8 starting faulting region (83886080 bytes / 40cpu11 starting faulting region (83886080 bytes / 40 hugepgs) bytes /  bytes /  bytes / 8388608040 hugepgs)
8388608040 hugepgs)
40 hugepgs)83886080 bytes / 40 hugepgs)
40 hugepgs) bytes / 
cpu12 starting faulting region (83886080 bytes / 40 hugepgs)

 bytes / 40 hugepgs)

40 hugepgs)
 hugepgs)
40 hugepgs)
cpu1 finished faulting region in 68.812 ms
cpu0 finished faulting region in 69.003 ms
cpu6cpu12 finished faulting region in cpu8 finished faulting region in 69.28669.108 ms
 finished faulting region in cpu4 finished faulting region in 70.62869.117 ms
 ms
 ms
cpu10 finished faulting region in 69.577 ms
cpu9 finished faulting region in 84.724 ms
cpu7 finished faulting region in 84.236 ms
cpu5 finished faulting region in 91.92 ms
cpu2 finished faulting region in 91.63 ms
cpu11 finished faulting region in 93.196 ms
cpu3 finished faulting region in 93.459 ms
[INFO] finished loading USERTABLE range [kstart=45000000, kend=50000000) - nkeys: 5000000
[INFO] finished loading USERTABLE range [kstart=35000000, kend=40000000) - nkeys: 5000000
[INFO] finished loading USERTABLE range [kstart=30000000, kend=35000000) - nkeys: 5000000
[INFO] finished loading USERTABLE range [kstart=5000000, kend=10000000) - nkeys: 5000000
[INFO] finished loading USERTABLE range [kstart=20000000, kend=25000000) - nkeys: 5000000
[INFO] finished loading USERTABLE range [kstart=40000000, kend=45000000) - nkeys: 5000000
[INFO] finished loading USERTABLE range [kstart=25000000, kend=30000000) - nkeys: 5000000
[INFO] finished loading USERTABLE range [kstart=15000000, kend=20000000) - nkeys: 5000000
[INFO] finished loading USERTABLE range [kstart=50000000, kend=55000000) - nkeys: 5000000
[INFO] finished loading USERTABLE range [kstart=10000000, kend=15000000) - nkeys: 5000000
[INFO] finished loading USERTABLE range [kstart=75000000, kend=80000000) - nkeys: 5000000
[INFO] finished loading USERTABLE range [kstart=70000000, kend=75000000) - nkeys: 5000000
[INFO] finished loading USERTABLE range [kstart=0, kend=5000000) - nkeys: 5000000
[INFO] finished loading USERTABLE range [kstart=80000000, kend=85000000) - nkeys: 5000000
[INFO] finished loading USERTABLE range [kstart=65000000, kend=70000000) - nkeys: 5000000
[INFO] finished loading USERTABLE range [kstart=55000000, kend=60000000) - nkeys: 5000000
[INFO] finished loading USERTABLE range [kstart=85000000, kend=90000000) - nkeys: 5000000
[INFO] finished loading USERTABLE range [kstart=95000000, kend=100000000) - nkeys: 5000000
[INFO] finished loading USERTABLE range [kstart=60000000, kend=65000000) - nkeys: 5000000
[INFO] finished loading USERTABLE range [kstart=90000000, kend=95000000) - nkeys: 5000000
timed region dataloading took 5542.22 ms
DB size: 17835.8 MB
[0, 0, 0] txns persisted in loading phase
starting benchmark...
[info]bench worker is working on # of num_cpus 0, cpu_gap 0
ParID now : 0ParID now : 
1
ParID now : 2
ParID now : 3
ParID now : 4
ParID now : 5
ParID now : 6
ParID now : 7
ParID now : 8
ParID now : 9
ParID now : 10
ParID now : 11
ParID now : 12
[time: 1676454175433] # of commits: 235006
[time: 1676454175533] # of commits: 580341
[time: 1676454175633] # of commits: 903190
[time: 1676454175734] # of commits: 1221147
[time: 1676454175834] # of commits: 1526127
[time: 1676454175934] # of commits: 1833988
[time: 1676454176034] # of commits: 2140146
[time: 1676454176134] # of commits: 2447761
[time: 1676454176234] # of commits: 2743123
[time: 1676454176334] # of commits: 3032866
[time: 1676454176434] # of commits: 3338537
[time: 1676454176534] # of commits: 3640427
[time: 1676454176635] # of commits: 3934446
[time: 1676454176735] # of commits: 4230817
[time: 1676454176835] # of commits: 4532571
[time: 1676454176935] # of commits: 4818177
[time: 1676454177035] # of commits: 5125710
[time: 1676454177135] # of commits: 5435318
[time: 1676454177235] # of commits: 5715879
[time: 1676454177335] # of commits: 5975900
[time: 1676454177435] # of commits: 6270559
[time: 1676454177535] # of commits: 6563489
[time: 1676454177636] # of commits: 6866918
[time: 1676454177736] # of commits: 7174384
[time: 1676454177836] # of commits: 7474397
[time: 1676454177936] # of commits: 7733527
[time: 1676454178036] # of commits: 7993074
[time: 1676454178136] # of commits: 8276436
[time: 1676454178236] # of commits: 8567221
[time: 1676454178336] # of commits: 8818550
[time: 1676454178436] # of commits: 9090716
[time: 1676454178536] # of commits: 9385527
[time: 1676454178636] # of commits: 9681129
[time: 1676454178737] # of commits: 9977543
[time: 1676454178837] # of commits: 10264802
[time: 1676454178937] # of commits: 10521433
[time: 1676454179037] # of commits: 10763434
[time: 1676454179137] # of commits: 11044740
[time: 1676454179240] # of commits: 11348812
[time: 1676454179340] # of commits: 11624856
[time: 1676454179440] # of commits: 11856185
[time: 1676454179540] # of commits: 12104134
[time: 1676454179640] # of commits: 12376653
[time: 1676454179740] # of commits: 12666108
[time: 1676454179840] # of commits: 12958218
[time: 1676454179940] # of commits: 13251400
[time: 1676454180040] # of commits: 13524239
[time: 1676454180140] # of commits: 13784793
[time: 1676454180240] # of commits: 14067285
[time: 1676454180341] # of commits: 14349904
[time: 1676454180441] # of commits: 14600706
[time: 1676454180541] # of commits: 14834186
[time: 1676454180641] # of commits: 15099920
[time: 1676454180741] # of commits: 15385191
[time: 1676454180841] # of commits: 15669253
[time: 1676454180941] # of commits: 15936836
[time: 1676454181041] # of commits: 16192447
[time: 1676454181141] # of commits: 16444290
[time: 1676454181241] # of commits: 16700691
[time: 1676454181342] # of commits: 16973457
[time: 1676454181442] # of commits: 17259889
[time: 1676454181542] # of commits: 17534769
[time: 1676454181642] # of commits: 17790575
[time: 1676454181742] # of commits: 18055450
[time: 1676454181842] # of commits: 18327051
[time: 1676454181942] # of commits: 18594148
[time: 1676454182042] # of commits: 18863081
[time: 1676454182142] # of commits: 19141333
[time: 1676454182242] # of commits: 19414209
[time: 1676454182343] # of commits: 19673466
[time: 1676454182443] # of commits: 19932247
[time: 1676454182543] # of commits: 20191345
[time: 1676454182643] # of commits: 20450547
[time: 1676454182743] # of commits: 20700515
[time: 1676454182843] # of commits: 20960176
[time: 1676454182943] # of commits: 21232696
[time: 1676454183043] # of commits: 21518831
[time: 1676454183143] # of commits: 21806110
[time: 1676454183243] # of commits: 22093536
[time: 1676454183343] # of commits: 22364684
[time: 1676454183444] # of commits: 22612894
[time: 1676454183544] # of commits: 22863203
[time: 1676454183644] # of commits: 23133270
[time: 1676454183744] # of commits: 23413576
[time: 1676454183844] # of commits: 23672081
[time: 1676454183944] # of commits: 23920499
[time: 1676454184044] # of commits: 24175093
[time: 1676454184144] # of commits: 24439355
[time: 1676454184244] # of commits: 24718566
[time: 1676454184344] # of commits: 25004356
[time: 1676454184444] # of commits: 25285888
[time: 1676454184545] # of commits: 25547867
[time: 1676454184645] # of commits: 25813843
[time: 1676454184745] # of commits: 26091429
[time: 1676454184845] # of commits: 26364407
[time: 1676454184945] # of commits: 26613658
[time: 1676454185045] # of commits: 26843385
[time: 1676454185145] # of commits: 27101730
[time: 1676454185245] # of commits: 27375220
[time: 1676454185345] # of commits: 27657619
[agg_throughput-5-25] [0-11856185]throughput without warmup and cool-down: 922337203684884736.000000
Info folder has been generated okay ----<<<<<<
--- benchmark statistics in print_stats ---
runtime: 10.0182 sec
memory delta: 14079 MB
memory delta rate: 1405.34 MB/sec
logical memory delta: 0 MB
logical memory delta rate: 0 MB/sec
agg_nosync_throughput: 2.76238e+06 ops/sec
avg_nosync_per_core_throughput: 212491 ops/sec/core
agg_throughput: 2.76074e+06 ops/sec
n_commits: 27657748 , elapsed: 10.0182
avg_per_core_throughput: 212365 ops/sec/core
agg_persist_throughput: 2.76074e+06 ops/sec
avg_per_core_persist_throughput: 212365 ops/sec/core
avg_latency: 0.00468366 ms
avg_persist_latency: 0 ms
agg_abort_rate: 0 aborts/sec
avg_per_core_abort_rate: 0 aborts/sec/core
txn breakdown: [[Swap, 27657748]]
--- system counters (for benchmark) ---
--- perf counters (if enabled, for benchmark) ---
--- allocator stats ---
[allocator] ncpus=13
[allocator] cpu=0 fully_faulted?=1 remaining=83886080 bytes
[allocator] cpu=1 fully_faulted?=1 remaining=83886080 bytes
[allocator] cpu=2 fully_faulted?=1 remaining=83886080 bytes
[allocator] cpu=3 fully_faulted?=1 remaining=83886080 bytes
[allocator] cpu=4 fully_faulted?=1 remaining=83886080 bytes
[allocator] cpu=5 fully_faulted?=1 remaining=83886080 bytes
[allocator] cpu=6 fully_faulted?=1 remaining=83886080 bytes
[allocator] cpu=7 fully_faulted?=1 remaining=83886080 bytes
[allocator] cpu=8 fully_faulted?=1 remaining=83886080 bytes
[allocator] cpu=9 fully_faulted?=1 remaining=83886080 bytes
[allocator] cpu=10 fully_faulted?=1 remaining=83886080 bytes
[allocator] cpu=11 fully_faulted?=1 remaining=83886080 bytes
[allocator] cpu=12 fully_faulted?=1 remaining=83886080 bytes
---------------------------------------
dumping heap profile...
printing jemalloc stats...
2760740.038392 2760740.038392 0.004684 0.000000 0.000000 0
total log_size: payment => 0, new_order => 0, delivery => 0
close handle all started
close_all all ok
