allocator::Initialize()
  hugepgsize: 2097152
  use MADV_WILLNEED: 1
  mmap() region [0x7f63c67fe000, 0x7f6406bfe000)
cpu0 owns [0x7f63c6800000, 0x7f63dbe00000)
cpu1 owns [0x7f63dbe00000, 0x7f63f1400000)
cpu2 owns [0x7f63f1400000, 0x7f6406a00000)
Database Benchmark:
  pid: 131877
settings:
  par-loading : 1
  pin-cpus    : 1
  slow-exit   : 0
  retry-txns  : 0
  backoff-txns: 0
  bench       : micro
  scale       : 3
  num-cpus    : 20
  num-threads : 3
  db-type     : mbta
  basedir     : /home/sandbox/rolis-eurosys2022
  txn-flags   : 0
  Output log  : /dev/shm/GLOGS/GenLogThd3.Time.10/
  runtime     : 10
  var-encode  : yes
  allocator   : jemalloc
  numa-memory : 1075838976
  logfiles : []
  assignments : []
  disable-gc : 0
  disable-snapshots : 0
  stats-server-sockfile: 
system properties:
  btree_internal_node_size: 264
  btree_leaf_node_size    : 312
  tuple_prefetch          : no
  btree_node_prefetch     : yes
paxos batch=50000 :::: 50000
kSTOBatchSize = 1000
nthreads = 3
ycsb settings:
  workload_mix: [80, 20, 0, 0]
[INFO] YCSB par loader cpu 0 [0, 5000000)
[INFO] YCSB par loader cpu 1 [5000000, 10000000)
[INFO] YCSB par loader cpu 2 [10000000, 15000000)
[INFO] YCSB par loader cpu 0 [15000000, 20000000)
[INFO] YCSB par loader cpu 1 [20000000, 25000000)
[INFO] YCSB par loader cpu 2 [25000000, 30000000)
[INFO] YCSB par loader cpu 0 [30000000, 35000000)
[INFO] YCSB par loader cpu 1 [35000000, 40000000)
[INFO] YCSB par loader cpu 2 [40000000, 45000000)
[INFO] YCSB par loader cpu 0 [45000000, 50000000)
[INFO] YCSB par loader cpu 1 [50000000, 55000000)
[INFO] YCSB par loader cpu 2 [55000000, 60000000)
[INFO] YCSB par loader cpu 0 [60000000, 65000000)
[INFO] YCSB par loader cpu 1 [65000000, 70000000)
[INFO] YCSB par loader cpu 2 [70000000, 75000000)
[INFO] YCSB par loader cpu 0 [75000000, 80000000)
[INFO] YCSB par loader cpu 1 [80000000, 85000000)
[INFO] YCSB par loader cpu 2 [85000000, 90000000)
[INFO] YCSB par loader cpu 0 [90000000, 95000000)
[INFO] YCSB par loader cpu 1 [95000000, 100000000)
Load phase...
cpucpu0cpu2 starting faulting region (358612992 bytes / 171 hugepgs)
1 starting faulting region (358612992 bytes / 171 hugepgs)
 starting faulting region (358612992 bytes / 171 hugepgs)
cpu1 finished faulting region in 159.559 ms
cpu2 finished faulting region in 171.111 ms
cpu0 finished faulting region in 174.865 ms
[INFO] finished loading USERTABLE range [kstart=10000000, kend=15000000) - nkeys: 5000000
[INFO] finished loading USERTABLE range [kstart=5000000, kend=10000000) - nkeys: 5000000
[INFO] finished loading USERTABLE range [kstart=20000000, kend=25000000) - nkeys: 5000000
[INFO] finished loading USERTABLE range [kstart=0, kend=5000000) - nkeys: 5000000
[INFO] finished loading USERTABLE range [kstart=40000000, kend=45000000) - nkeys: 5000000
[INFO] finished loading USERTABLE range [kstart=45000000, kend=50000000) - nkeys: 5000000
[INFO] finished loading USERTABLE range [kstart=35000000, kend=40000000) - nkeys: 5000000
[INFO] finished loading USERTABLE range [kstart=30000000, kend=35000000) - nkeys: 5000000
[INFO] finished loading USERTABLE range [kstart=15000000, kend=20000000) - nkeys: 5000000
[INFO] finished loading USERTABLE range [kstart=25000000, kend=30000000) - nkeys: 5000000
[INFO] finished loading USERTABLE range [kstart=75000000, kend=80000000) - nkeys: 5000000
[INFO] finished loading USERTABLE range [kstart=55000000, kend=60000000) - nkeys: 5000000
[INFO] finished loading USERTABLE range [kstart=65000000, kend=70000000) - nkeys: 5000000
[INFO] finished loading USERTABLE range [kstart=50000000, kend=55000000) - nkeys: 5000000
[INFO] finished loading USERTABLE range [kstart=95000000, kend=100000000) - nkeys: 5000000
[INFO] finished loading USERTABLE range [kstart=60000000, kend=65000000) - nkeys: 5000000
[INFO] finished loading USERTABLE range [kstart=70000000, kend=75000000) - nkeys: 5000000
[INFO] finished loading USERTABLE range [kstart=80000000, kend=85000000) - nkeys: 5000000
[INFO] finished loading USERTABLE range [kstart=90000000, kend=95000000) - nkeys: 5000000
[INFO] finished loading USERTABLE range [kstart=85000000, kend=90000000) - nkeys: 5000000
timed region dataloading took 5572.12 ms
DB size: 17810.1 MB
[0, 0, 0] txns persisted in loading phase
starting benchmark...
[info]bench worker is working on # of num_cpus 0, cpu_gap 0
ParID now : 0
ParID now : 1
ParID now : 2
[time: 1676453690422] # of commits: 74833
[time: 1676453690522] # of commits: 173375
[time: 1676453690622] # of commits: 276899
[time: 1676453690722] # of commits: 367653
[time: 1676453690823] # of commits: 462826
[time: 1676453690923] # of commits: 560238
[time: 1676453691023] # of commits: 652776
[time: 1676453691123] # of commits: 738182
[time: 1676453691223] # of commits: 825645
[time: 1676453691323] # of commits: 920310
[time: 1676453691424] # of commits: 1016147
[time: 1676453691524] # of commits: 1111468
[time: 1676453691624] # of commits: 1203091
[time: 1676453691724] # of commits: 1287577
[time: 1676453691824] # of commits: 1380547
[time: 1676453691924] # of commits: 1472536
[time: 1676453692025] # of commits: 1545949
[time: 1676453692125] # of commits: 1632948
[time: 1676453692225] # of commits: 1729618
[time: 1676453692325] # of commits: 1826306
[time: 1676453692425] # of commits: 1922501
[time: 1676453692526] # of commits: 2005679
[time: 1676453692626] # of commits: 2083390
[time: 1676453692726] # of commits: 2175492
[time: 1676453692826] # of commits: 2265715
[time: 1676453692926] # of commits: 2337461
[time: 1676453693026] # of commits: 2421756
[time: 1676453693127] # of commits: 2513775
[time: 1676453693227] # of commits: 2609788
[time: 1676453693327] # of commits: 2706616
[time: 1676453693427] # of commits: 2790781
[time: 1676453693527] # of commits: 2868441
[time: 1676453693627] # of commits: 2963210
[time: 1676453693728] # of commits: 3054066
[time: 1676453693828] # of commits: 3124143
[time: 1676453693928] # of commits: 3208684
[time: 1676453694028] # of commits: 3299841
[time: 1676453694128] # of commits: 3393176
[time: 1676453694229] # of commits: 3485999
[time: 1676453694329] # of commits: 3569734
[time: 1676453694429] # of commits: 3644244
[time: 1676453694529] # of commits: 3733511
[time: 1676453694629] # of commits: 3823980
[time: 1676453694729] # of commits: 3896338
[time: 1676453694830] # of commits: 3974569
[time: 1676453694930] # of commits: 4063402
[time: 1676453695030] # of commits: 4152883
[time: 1676453695130] # of commits: 4242032
[time: 1676453695230] # of commits: 4329750
[time: 1676453695330] # of commits: 4402641
[time: 1676453695431] # of commits: 4487384
[time: 1676453695531] # of commits: 4577658
[time: 1676453695631] # of commits: 4657546
[time: 1676453695731] # of commits: 4730529
[time: 1676453695831] # of commits: 4819197
[time: 1676453695931] # of commits: 4908748
[time: 1676453696032] # of commits: 4998855
[time: 1676453696132] # of commits: 5088905
[time: 1676453696232] # of commits: 5164446
[time: 1676453696332] # of commits: 5242468
[time: 1676453696432] # of commits: 5334558
[time: 1676453696532] # of commits: 5420418
[time: 1676453696633] # of commits: 5488848
[time: 1676453696733] # of commits: 5571605
[time: 1676453696833] # of commits: 5659464
[time: 1676453696933] # of commits: 5748839
[time: 1676453697033] # of commits: 5838222
[time: 1676453697134] # of commits: 5921167
[time: 1676453697234] # of commits: 5993006
[time: 1676453697334] # of commits: 6078762
[time: 1676453697434] # of commits: 6167336
[time: 1676453697534] # of commits: 6241065
[time: 1676453697634] # of commits: 6313974
[time: 1676453697735] # of commits: 6401515
[time: 1676453697835] # of commits: 6489154
[time: 1676453697935] # of commits: 6576626
[time: 1676453698035] # of commits: 6663362
[time: 1676453698135] # of commits: 6737494
[time: 1676453698236] # of commits: 6813888
[time: 1676453698336] # of commits: 6900958
[time: 1676453698436] # of commits: 6984474
[time: 1676453698536] # of commits: 7052157
[time: 1676453698636] # of commits: 7128727
[time: 1676453698736] # of commits: 7214594
[time: 1676453698837] # of commits: 7300401
[time: 1676453698937] # of commits: 7386549
[time: 1676453699037] # of commits: 7469568
[time: 1676453699137] # of commits: 7541009
[time: 1676453699237] # of commits: 7620533
[time: 1676453699338] # of commits: 7707181
[time: 1676453699438] # of commits: 7786887
[time: 1676453699538] # of commits: 7857694
[time: 1676453699638] # of commits: 7941010
[time: 1676453699738] # of commits: 8028289
[time: 1676453699838] # of commits: 8115471
[time: 1676453699939] # of commits: 8202885
[time: 1676453700039] # of commits: 8283354
[time: 1676453700139] # of commits: 8356400
[time: 1676453700239] # of commits: 8439835
[time: 1676453700339] # of commits: 8526624
[agg_throughput-5-25] [0-3644244]throughput without warmup and cool-down: 922337203685295360.000000
Info folder has been generated okay ----<<<<<<
--- benchmark statistics in print_stats ---
runtime: 10.0178 sec
memory delta: 4349.93 MB
memory delta rate: 434.218 MB/sec
logical memory delta: 0 MB
logical memory delta rate: 0 MB/sec
agg_nosync_throughput: 851160 ops/sec
avg_nosync_per_core_throughput: 283720 ops/sec/core
agg_throughput: 851146 ops/sec
n_commits: 8526657 , elapsed: 10.0178
avg_per_core_throughput: 283715 ops/sec/core
agg_persist_throughput: 851146 ops/sec
avg_per_core_persist_throughput: 283715 ops/sec/core
avg_latency: 0.0035066 ms
avg_persist_latency: 0 ms
agg_abort_rate: 0 aborts/sec
avg_per_core_abort_rate: 0 aborts/sec/core
txn breakdown: [[Swap, 8526657]]
--- system counters (for benchmark) ---
--- perf counters (if enabled, for benchmark) ---
--- allocator stats ---
[allocator] ncpus=3
[allocator] cpu=0 fully_faulted?=1 remaining=358612992 bytes
[allocator] cpu=1 fully_faulted?=1 remaining=358612992 bytes
[allocator] cpu=2 fully_faulted?=1 remaining=358612992 bytes
---------------------------------------
dumping heap profile...
printing jemalloc stats...
851146.403669 851146.403669 0.003507 0.000000 0.000000 0
total log_size: payment => 0, new_order => 0, delivery => 0
close handle all started
close_all all ok
