allocator::Initialize()
  hugepgsize: 2097152
  use MADV_WILLNEED: 1
  mmap() region [0x7f0f8d9fe000, 0x7f0fcebfe000)
cpu0 owns [0x7f0f8da00000, 0x7f0f94200000)
cpu1 owns [0x7f0f94200000, 0x7f0f9aa00000)
cpu2 owns [0x7f0f9aa00000, 0x7f0fa1200000)
cpu3 owns [0x7f0fa1200000, 0x7f0fa7a00000)
cpu4 owns [0x7f0fa7a00000, 0x7f0fae200000)
cpu5 owns [0x7f0fae200000, 0x7f0fb4a00000)
cpu6 owns [0x7f0fb4a00000, 0x7f0fbb200000)
cpu7 owns [0x7f0fbb200000, 0x7f0fc1a00000)
cpu8 owns [0x7f0fc1a00000, 0x7f0fc8200000)
cpu9 owns [0x7f0fc8200000, 0x7f0fcea00000)
Database Benchmark:
  pid: 132191
settings:
  par-loading : 1
  pin-cpus    : 1
  slow-exit   : 0
  retry-txns  : 0
  backoff-txns: 0
  bench       : micro
  scale       : 10
  num-cpus    : 20
  num-threads : 10
  db-type     : mbta
  basedir     : /home/sandbox/rolis-eurosys2022
  txn-flags   : 0
  Output log  : /dev/shm/GLOGS/GenLogThd10.Time.10/
  runtime     : 10
  var-encode  : yes
  allocator   : jemalloc
  numa-memory : 1090519040
  logfiles : []
  assignments : []
  disable-gc : 0
  disable-snapshots : 0
  stats-server-sockfile: 
system properties:
  btree_internal_node_size: 264
  btree_leaf_node_size    : 312
  tuple_prefetch          : no
  btree_node_prefetch     : yes
paxos batch=50000 :::: 50000
kSTOBatchSize = 1000
nthreads = 10
ycsb settings:
  workload_mix: [80, 20, 0, 0]
[INFO] YCSB par loader cpu 0 [0, 5000000)
[INFO] YCSB par loader cpu 1 [5000000, 10000000)
[INFO] YCSB par loader cpu 2 [10000000, 15000000)
[INFO] YCSB par loader cpu 3 [15000000, 20000000)
[INFO] YCSB par loader cpu 4 [20000000, 25000000)
[INFO] YCSB par loader cpu 5 [25000000, 30000000)
[INFO] YCSB par loader cpu 6 [30000000, 35000000)
[INFO] YCSB par loader cpu 7 [35000000, 40000000)
[INFO] YCSB par loader cpu 8 [40000000, 45000000)
[INFO] YCSB par loader cpu 9 [45000000, 50000000)
[INFO] YCSB par loader cpu 0 [50000000, 55000000)
[INFO] YCSB par loader cpu 1 [55000000, 60000000)
[INFO] YCSB par loader cpu 2 [60000000, 65000000)
[INFO] YCSB par loader cpu 3 [65000000, 70000000)
[INFO] YCSB par loader cpu 4 [70000000, 75000000)
[INFO] YCSB par loader cpu 5 [75000000, 80000000)
[INFO] YCSB par loader cpu 6 [80000000, 85000000)
[INFO] YCSB par loader cpu 7 [85000000, 90000000)
[INFO] YCSB par loader cpu 8 [90000000, 95000000)
[INFO] YCSB par loader cpu 9 [95000000, 100000000)
Load phase...
cpu9 starting faulting region (109051904 bytes / 52 hugepgs)
cpu6 starting faulting region (109051904 bytes / 52 hugepgs)
cpucpu0 starting faulting region (109051904cpu5 starting faulting region (109051904 bytes / cpu8cpu3 starting faulting region (109051904 bytes / 52 hugepgs)
cpu7 starting faulting region (2 starting faulting region (109051904 bytes / 52 hugepgs)
 starting faulting region (109051904 bytes / cpu4 starting faulting region (109051904 bytes / 52 hugepgs)
52 hugepgs)
cpu bytes / 52 hugepgs)
52 hugepgs)
1 starting faulting region (109051904 bytes / 52 hugepgs)
109051904 bytes / 52 hugepgs)
cpu0 finished faulting region in 67.333 ms
cpu3 finished faulting region in 74.416 ms
cpu9 finished faulting region in 76.699 ms
cpu1 finished faulting region in 76.894 ms
cpu8 finished faulting region in 77.322 ms
cpu5 finished faulting region in 79.304 ms
cpu4 finished faulting region in 80.31 ms
cpu7 finished faulting region in 80.81 ms
cpu2 finished faulting region in 104.071 ms
cpu6 finished faulting region in 104.577 ms
[INFO] finished loading USERTABLE range [kstart=0, kend=5000000) - nkeys: 5000000
[INFO] finished loading USERTABLE range [kstart=5000000, kend=10000000) - nkeys: 5000000
[INFO] finished loading USERTABLE range [kstart=40000000, kend=45000000) - nkeys: 5000000
[INFO] finished loading USERTABLE range [kstart=25000000, kend=30000000) - nkeys: 5000000
[INFO] finished loading USERTABLE range [kstart=20000000, kend=25000000) - nkeys: 5000000
[INFO] finished loading USERTABLE range [kstart=45000000, kend=50000000) - nkeys: 5000000
[INFO] finished loading USERTABLE range [kstart=10000000, kend=15000000) - nkeys: 5000000
[INFO] finished loading USERTABLE range [kstart=15000000, kend=20000000) - nkeys: 5000000
[INFO] finished loading USERTABLE range [kstart=30000000, kend=35000000) - nkeys: 5000000
[INFO] finished loading USERTABLE range [kstart=35000000, kend=40000000) - nkeys: 5000000
[INFO] finished loading USERTABLE range [kstart=70000000, kend=75000000) - nkeys: 5000000
[INFO] finished loading USERTABLE range [kstart=75000000, kend=80000000) - nkeys: 5000000
[INFO] finished loading USERTABLE range [kstart=65000000, kend=70000000) - nkeys: 5000000
[INFO] finished loading USERTABLE range [kstart=55000000, kend=60000000) - nkeys: 5000000
[INFO] finished loading USERTABLE range [kstart=85000000, kend=90000000) - nkeys: 5000000
[INFO] finished loading USERTABLE range [kstart=80000000, kend=85000000) - nkeys: 5000000
[INFO] finished loading USERTABLE range [kstart=95000000, kend=100000000) - nkeys: 5000000
[INFO] finished loading USERTABLE range [kstart=90000000, kend=95000000) - nkeys: 5000000
[INFO] finished loading USERTABLE range [kstart=60000000, kend=65000000) - nkeys: 5000000
[INFO] finished loading USERTABLE range [kstart=50000000, kend=55000000) - nkeys: 5000000
timed region dataloading took 5390.15 ms
DB size: 17841.4 MB
[0, 0, 0] txns persisted in loading phase
starting benchmark...
[info]bench worker is working on # of num_cpus 0, cpu_gap 0
ParID now : 0
ParID now : 1
ParID now : 2
ParID now : 3
ParID now : 4
ParID now : 5
ParID now : 7
ParID now : 8
ParID now : 6
ParID now : 9
[time: 1676454019274] # of commits: 205154
[time: 1676454019375] # of commits: 508167
[time: 1676454019475] # of commits: 811618
[time: 1676454019575] # of commits: 1102855
[time: 1676454019675] # of commits: 1383580
[time: 1676454019775] # of commits: 1680360
[time: 1676454019875] # of commits: 1975440
[time: 1676454019975] # of commits: 2256842
[time: 1676454020075] # of commits: 2512375
[time: 1676454020175] # of commits: 2785498
[time: 1676454020275] # of commits: 3074402
[time: 1676454020375] # of commits: 3365981
[time: 1676454020476] # of commits: 3658608
[time: 1676454020576] # of commits: 3940888
[time: 1676454020676] # of commits: 4203844
[time: 1676454020776] # of commits: 4480775
[time: 1676454020876] # of commits: 4768630
[time: 1676454020976] # of commits: 5018744
[time: 1676454021076] # of commits: 5238346
[time: 1676454021176] # of commits: 5512930
[time: 1676454021276] # of commits: 5799424
[time: 1676454021376] # of commits: 6087243
[time: 1676454021477] # of commits: 6373909
[time: 1676454021577] # of commits: 6633245
[time: 1676454021677] # of commits: 6868713
[time: 1676454021777] # of commits: 7140241
[time: 1676454021877] # of commits: 7422664
[time: 1676454021977] # of commits: 7665364
[time: 1676454022077] # of commits: 7889977
[time: 1676454022177] # of commits: 8160758
[time: 1676454022277] # of commits: 8442795
[time: 1676454022377] # of commits: 8723898
[time: 1676454022477] # of commits: 9002423
[time: 1676454022578] # of commits: 9259670
[time: 1676454022678] # of commits: 9496631
[time: 1676454022778] # of commits: 9761671
[time: 1676454022878] # of commits: 10033594
[time: 1676454022978] # of commits: 10276253
[time: 1676454023078] # of commits: 10495040
[time: 1676454023178] # of commits: 10752832
[time: 1676454023278] # of commits: 11029593
[time: 1676454023378] # of commits: 11307509
[time: 1676454023478] # of commits: 11581988
[time: 1676454023578] # of commits: 11838881
[time: 1676454023679] # of commits: 12069698
[time: 1676454023779] # of commits: 12315993
[time: 1676454023879] # of commits: 12584990
[time: 1676454023979] # of commits: 12834706
[time: 1676454024079] # of commits: 13055489
[time: 1676454024179] # of commits: 13293039
[time: 1676454024279] # of commits: 13566231
[time: 1676454024379] # of commits: 13839741
[time: 1676454024479] # of commits: 14113681
[time: 1676454024579] # of commits: 14373208
[time: 1676454024680] # of commits: 14613227
[time: 1676454024780] # of commits: 14847822
[time: 1676454024880] # of commits: 15115194
[time: 1676454024980] # of commits: 15371707
[time: 1676454025080] # of commits: 15602860
[time: 1676454025180] # of commits: 15829209
[time: 1676454025280] # of commits: 16094461
[time: 1676454025380] # of commits: 16366601
[time: 1676454025480] # of commits: 16639806
[time: 1676454025580] # of commits: 16897592
[time: 1676454025680] # of commits: 17145016
[time: 1676454025781] # of commits: 17371289
[time: 1676454025881] # of commits: 17622437
[time: 1676454025981] # of commits: 17882487
[time: 1676454026081] # of commits: 18122584
[time: 1676454026181] # of commits: 18336933
[time: 1676454026281] # of commits: 18578023
[time: 1676454026381] # of commits: 18845228
[time: 1676454026481] # of commits: 19113985
[time: 1676454026581] # of commits: 19380048
[time: 1676454026681] # of commits: 19631951
[time: 1676454026781] # of commits: 19865346
[time: 1676454026882] # of commits: 20095133
[time: 1676454026982] # of commits: 20352151
[time: 1676454027082] # of commits: 20602657
[time: 1676454027182] # of commits: 20828552
[time: 1676454027282] # of commits: 21048798
[time: 1676454027382] # of commits: 21301241
[time: 1676454027482] # of commits: 21567302
[time: 1676454027582] # of commits: 21835020
[time: 1676454027682] # of commits: 22094901
[time: 1676454027782] # of commits: 22335067
[time: 1676454027883] # of commits: 22562180
[time: 1676454027983] # of commits: 22802308
[time: 1676454028083] # of commits: 23055832
[time: 1676454028183] # of commits: 23292750
[time: 1676454028283] # of commits: 23509874
[time: 1676454028383] # of commits: 23735052
[time: 1676454028483] # of commits: 23983761
[time: 1676454028583] # of commits: 24243303
[time: 1676454028683] # of commits: 24503002
[time: 1676454028783] # of commits: 24755741
[time: 1676454028883] # of commits: 24992392
[time: 1676454028984] # of commits: 25225115
[time: 1676454029084] # of commits: 25471778
[time: 1676454029184] # of commits: 25723040
[agg_throughput-5-25] [0-11029593]throughput without warmup and cool-down: 922337203684926080.000000
Info folder has been generated okay ----<<<<<<
--- benchmark statistics in print_stats ---
runtime: 10.0097 sec
memory delta: 13206.7 MB
memory delta rate: 1319.38 MB/sec
logical memory delta: 0 MB
logical memory delta rate: 0 MB/sec
agg_nosync_throughput: 2.56983e+06 ops/sec
avg_nosync_per_core_throughput: 256983 ops/sec/core
agg_throughput: 2.56981e+06 ops/sec
n_commits: 25723117 , elapsed: 10.0097
avg_per_core_throughput: 256981 ops/sec/core
agg_persist_throughput: 2.56981e+06 ops/sec
avg_per_core_persist_throughput: 256981 ops/sec/core
avg_latency: 0.00387186 ms
avg_persist_latency: 0 ms
agg_abort_rate: 0 aborts/sec
avg_per_core_abort_rate: 0 aborts/sec/core
txn breakdown: [[Swap, 25723117]]
--- system counters (for benchmark) ---
--- perf counters (if enabled, for benchmark) ---
--- allocator stats ---
[allocator] ncpus=10
[allocator] cpu=0 fully_faulted?=1 remaining=109051904 bytes
[allocator] cpu=1 fully_faulted?=1 remaining=109051904 bytes
[allocator] cpu=2 fully_faulted?=1 remaining=109051904 bytes
[allocator] cpu=3 fully_faulted?=1 remaining=109051904 bytes
[allocator] cpu=4 fully_faulted?=1 remaining=109051904 bytes
[allocator] cpu=5 fully_faulted?=1 remaining=109051904 bytes
[allocator] cpu=6 fully_faulted?=1 remaining=109051904 bytes
[allocator] cpu=7 fully_faulted?=1 remaining=109051904 bytes
[allocator] cpu=8 fully_faulted?=1 remaining=109051904 bytes
[allocator] cpu=9 fully_faulted?=1 remaining=109051904 bytes
---------------------------------------
dumping heap profile...
printing jemalloc stats...
2569808.449589 2569808.449589 0.003872 0.000000 0.000000 0
total log_size: payment => 0, new_order => 0, delivery => 0
close handle all started
close_all all ok
