allocator::Initialize()
  hugepgsize: 2097152
  use MADV_WILLNEED: 1
  mmap() region [0x7f3ce53fe000, 0x7f3d261fe000)
cpu0 owns [0x7f3ce5400000, 0x7f3cee800000)
cpu1 owns [0x7f3cee800000, 0x7f3cf7c00000)
cpu2 owns [0x7f3cf7c00000, 0x7f3d01000000)
cpu3 owns [0x7f3d01000000, 0x7f3d0a400000)
cpu4 owns [0x7f3d0a400000, 0x7f3d13800000)
cpu5 owns [0x7f3d13800000, 0x7f3d1cc00000)
cpu6 owns [0x7f3d1cc00000, 0x7f3d26000000)
Database Benchmark:
  pid: 132049
settings:
  par-loading : 1
  pin-cpus    : 1
  slow-exit   : 0
  retry-txns  : 0
  backoff-txns: 0
  bench       : micro
  scale       : 7
  num-cpus    : 20
  num-threads : 7
  db-type     : mbta
  basedir     : /home/sandbox/rolis-eurosys2022
  txn-flags   : 0
  Output log  : /dev/shm/GLOGS/GenLogThd7.Time.10/
  runtime     : 10
  var-encode  : yes
  allocator   : jemalloc
  numa-memory : 1086324736
  logfiles : []
  assignments : []
  disable-gc : 0
  disable-snapshots : 0
  stats-server-sockfile: 
system properties:
  btree_internal_node_size: 264
  btree_leaf_node_size    : 312
  tuple_prefetch          : no
  btree_node_prefetch     : yes
paxos batch=50000 :::: 50000
kSTOBatchSize = 1000
nthreads = 7
ycsb settings:
  workload_mix: [80, 20, 0, 0]
[INFO] YCSB par loader cpu 0 [0, 5000000)
[INFO] YCSB par loader cpu 1 [5000000, 10000000)
[INFO] YCSB par loader cpu 2 [10000000, 15000000)
[INFO] YCSB par loader cpu 3 [15000000, 20000000)
[INFO] YCSB par loader cpu 4 [20000000, 25000000)
[INFO] YCSB par loader cpu 5 [25000000, 30000000)
[INFO] YCSB par loader cpu 6 [30000000, 35000000)
[INFO] YCSB par loader cpu 0 [35000000, 40000000)
[INFO] YCSB par loader cpu 1 [40000000, 45000000)
[INFO] YCSB par loader cpu 2 [45000000, 50000000)
[INFO] YCSB par loader cpu 3 [50000000, 55000000)
[INFO] YCSB par loader cpu 4 [55000000, 60000000)
[INFO] YCSB par loader cpu 5 [60000000, 65000000)
[INFO] YCSB par loader cpu 6 [65000000, 70000000)
[INFO] YCSB par loader cpu 0 [70000000, 75000000)
[INFO] YCSB par loader cpu 1 [75000000, 80000000)
[INFO] YCSB par loader cpu 2 [80000000, 85000000)
[INFO] YCSB par loader cpu 3 [85000000, 90000000)
[INFO] YCSB par loader cpu 4 [90000000, 95000000)
[INFO] YCSB par loader cpu 5 [95000000, 100000000)
Load phase...
cpucpu2cpucpu6 starting faulting region (155189248 bytes / 74cpucpu1 starting faulting region (cpu3 starting faulting region (155189248 bytes / 74 hugepgs)155189248 bytes / 4 starting faulting region (155189248 bytes / 74 hugepgs)
 starting faulting region (155189248 bytes / 74 hugepgs)
5 starting faulting region (155189248 bytes / 74 hugepgs)

0 starting faulting region (155189248 bytes / 74 hugepgs)
74 hugepgs)
 hugepgs)
cpu4 finished faulting region in 87.243 ms
cpu5 finished faulting region in cpu0 finished faulting region in 87.852 ms87.788 ms

cpu6 finished faulting region in 88.059 ms
cpu2 finished faulting region in 87.904 ms
cpu1 finished faulting region in 113.314 ms
cpu3 finished faulting region in 122.074 ms
[INFO] finished loading USERTABLE range [kstart=0, kend=5000000) - nkeys: 5000000
[INFO] finished loading USERTABLE range [kstart=5000000, kend=10000000) - nkeys: 5000000
[INFO] finished loading USERTABLE range [kstart=45000000, kend=50000000) - nkeys: 5000000
[INFO] finished loading USERTABLE range [kstart=10000000, kend=15000000) - nkeys: 5000000
[INFO] finished loading USERTABLE range [kstart=20000000, kend=25000000) - nkeys: 5000000
[INFO] finished loading USERTABLE range [kstart=35000000, kend=40000000) - nkeys: 5000000
[INFO] finished loading USERTABLE range [kstart=25000000, kend=30000000) - nkeys: 5000000
[INFO] finished loading USERTABLE range [kstart=40000000, kend=45000000) - nkeys: 5000000
[INFO] finished loading USERTABLE range [kstart=70000000, kend=75000000) - nkeys: 5000000
[INFO] finished loading USERTABLE range [kstart=15000000, kend=20000000) - nkeys: 5000000
[INFO] finished loading USERTABLE range [kstart=30000000, kend=35000000) - nkeys: 5000000
[INFO] finished loading USERTABLE range [kstart=65000000, kend=70000000) - nkeys: 5000000
[INFO] finished loading USERTABLE range [kstart=55000000, kend=60000000) - nkeys: 5000000
[INFO] finished loading USERTABLE range [kstart=85000000, kend=90000000) - nkeys: 5000000
[INFO] finished loading USERTABLE range [kstart=75000000, kend=80000000) - nkeys: 5000000
[INFO] finished loading USERTABLE range [kstart=80000000, kend=85000000) - nkeys: 5000000
[INFO] finished loading USERTABLE range [kstart=60000000, kend=65000000) - nkeys: 5000000
[INFO] finished loading USERTABLE range [kstart=90000000, kend=95000000) - nkeys: 5000000
[INFO] finished loading USERTABLE range [kstart=50000000, kend=55000000) - nkeys: 5000000
[INFO] finished loading USERTABLE range [kstart=95000000, kend=100000000) - nkeys: 5000000
timed region dataloading took 5678.98 ms
DB size: 17878.5 MB
[0, 0, 0] txns persisted in loading phase
starting benchmark...
[info]bench worker is working on # of num_cpus 0, cpu_gap 0
ParID now : 0
ParID now : 1
ParID now : 2
ParID now : 3
ParID now : 4
ParID now : 5
ParID now : 6
[time: 1676453872545] # of commits: 157900
[time: 1676453872645] # of commits: 384003
[time: 1676453872745] # of commits: 616343
[time: 1676453872845] # of commits: 823492
[time: 1676453872946] # of commits: 1032298
[time: 1676453873046] # of commits: 1250033
[time: 1676453873146] # of commits: 1460685
[time: 1676453873246] # of commits: 1657403
[time: 1676453873346] # of commits: 1840272
[time: 1676453873446] # of commits: 2048000
[time: 1676453873547] # of commits: 2256161
[time: 1676453873647] # of commits: 2462715
[time: 1676453873747] # of commits: 2669757
[time: 1676453873847] # of commits: 2862174
[time: 1676453873947] # of commits: 3053420
[time: 1676453874047] # of commits: 3260181
[time: 1676453874148] # of commits: 3458125
[time: 1676453874248] # of commits: 3615111
[time: 1676453874348] # of commits: 3802510
[time: 1676453874448] # of commits: 4007036
[time: 1676453874548] # of commits: 4211171
[time: 1676453874648] # of commits: 4415486
[time: 1676453874748] # of commits: 4609188
[time: 1676453874848] # of commits: 4772604
[time: 1676453874948] # of commits: 4964617
[time: 1676453875049] # of commits: 5168700
[time: 1676453875149] # of commits: 5346028
[time: 1676453875249] # of commits: 5508510
[time: 1676453875349] # of commits: 5702954
[time: 1676453875449] # of commits: 5903842
[time: 1676453875550] # of commits: 6105817
[time: 1676453875650] # of commits: 6307518
[time: 1676453875750] # of commits: 6490044
[time: 1676453875850] # of commits: 6661644
[time: 1676453875950] # of commits: 6855789
[time: 1676453876050] # of commits: 7055457
[time: 1676453876151] # of commits: 7218051
[time: 1676453876251] # of commits: 7385125
[time: 1676453876351] # of commits: 7579014
[time: 1676453876451] # of commits: 7778810
[time: 1676453876551] # of commits: 7979924
[time: 1676453876651] # of commits: 8180134
[time: 1676453876752] # of commits: 8352826
[time: 1676453876852] # of commits: 8524649
[time: 1676453876952] # of commits: 8715580
[time: 1676453877052] # of commits: 8906425
[time: 1676453877152] # of commits: 9068505
[time: 1676453877252] # of commits: 9235292
[time: 1676453877353] # of commits: 9423036
[time: 1676453877453] # of commits: 9615927
[time: 1676453877553] # of commits: 9810872
[time: 1676453877653] # of commits: 10003208
[time: 1676453877753] # of commits: 10174410
[time: 1676453877853] # of commits: 10346399
[time: 1676453877954] # of commits: 10531181
[time: 1676453878054] # of commits: 10719077
[time: 1676453878154] # of commits: 10884982
[time: 1676453878254] # of commits: 11054327
[time: 1676453878354] # of commits: 11237756
[time: 1676453878455] # of commits: 11430717
[time: 1676453878555] # of commits: 11624289
[time: 1676453878655] # of commits: 11815330
[time: 1676453878755] # of commits: 11988325
[time: 1676453878855] # of commits: 12160082
[time: 1676453878955] # of commits: 12342612
[time: 1676453879056] # of commits: 12525975
[time: 1676453879156] # of commits: 12692072
[time: 1676453879256] # of commits: 12859332
[time: 1676453879356] # of commits: 13035978
[time: 1676453879456] # of commits: 13224197
[time: 1676453879556] # of commits: 13414371
[time: 1676453879656] # of commits: 13603503
[time: 1676453879756] # of commits: 13777662
[time: 1676453879857] # of commits: 13951393
[time: 1676453879957] # of commits: 14129199
[time: 1676453880057] # of commits: 14310640
[time: 1676453880157] # of commits: 14480410
[time: 1676453880257] # of commits: 14651375
[time: 1676453880357] # of commits: 14821679
[time: 1676453880458] # of commits: 15004216
[time: 1676453880558] # of commits: 15193930
[time: 1676453880658] # of commits: 15380395
[time: 1676453880758] # of commits: 15556033
[time: 1676453880858] # of commits: 15729478
[time: 1676453880958] # of commits: 15904624
[time: 1676453881059] # of commits: 16081038
[time: 1676453881159] # of commits: 16250737
[time: 1676453881259] # of commits: 16417381
[time: 1676453881359] # of commits: 16584970
[time: 1676453881459] # of commits: 16755089
[time: 1676453881559] # of commits: 16939293
[time: 1676453881660] # of commits: 17125515
[time: 1676453881760] # of commits: 17305792
[time: 1676453881860] # of commits: 17475959
[time: 1676453881960] # of commits: 17650847
[time: 1676453882060] # of commits: 17825957
[time: 1676453882160] # of commits: 17998478
[time: 1676453882260] # of commits: 18167068
[time: 1676453882360] # of commits: 18340627
[time: 1676453882460] # of commits: 18511806
[agg_throughput-5-25] [0-7979924]throughput without warmup and cool-down: 922337203685078656.000000
Info folder has been generated okay ----<<<<<<
--- benchmark statistics in print_stats ---
runtime: 10.0169 sec
memory delta: 9593.05 MB
memory delta rate: 957.687 MB/sec
logical memory delta: 0 MB
logical memory delta rate: 0 MB/sec
agg_nosync_throughput: 1.8481e+06 ops/sec
avg_nosync_per_core_throughput: 264014 ops/sec/core
agg_throughput: 1.84807e+06 ops/sec
n_commits: 18511878 , elapsed: 10.0169
avg_per_core_throughput: 264010 ops/sec/core
agg_persist_throughput: 1.84807e+06 ops/sec
avg_per_core_persist_throughput: 264010 ops/sec/core
avg_latency: 0.00376836 ms
avg_persist_latency: 0 ms
agg_abort_rate: 0 aborts/sec
avg_per_core_abort_rate: 0 aborts/sec/core
txn breakdown: [[Swap, 18511878]]
--- system counters (for benchmark) ---
--- perf counters (if enabled, for benchmark) ---
--- allocator stats ---
[allocator] ncpus=7
[allocator] cpu=0 fully_faulted?=1 remaining=155189248 bytes
[allocator] cpu=1 fully_faulted?=1 remaining=155189248 bytes
[allocator] cpu=2 fully_faulted?=1 remaining=155189248 bytes
[allocator] cpu=3 fully_faulted?=1 remaining=155189248 bytes
[allocator] cpu=4 fully_faulted?=1 remaining=155189248 bytes
[allocator] cpu=5 fully_faulted?=1 remaining=155189248 bytes
[allocator] cpu=6 fully_faulted?=1 remaining=155189248 bytes
---------------------------------------
dumping heap profile...
printing jemalloc stats...
1848066.969309 1848066.969309 0.003768 0.000000 0.000000 0
total log_size: payment => 0, new_order => 0, delivery => 0
close handle all started
close_all all ok
